Log file open, 02/13/19 21:59:38
LogWindows: Failed to load 'aqProf.dll' (GetLastError=126)
LogWindows: File 'aqProf.dll' does not exist
LogWindows: Failed to load 'VtuneApi.dll' (GetLastError=126)
LogWindows: File 'VtuneApi.dll' does not exist
LogWindows: Failed to load 'VtuneApi32e.dll' (GetLastError=126)
LogWindows: File 'VtuneApi32e.dll' does not exist
LogConsoleResponse: Display: Failed to find resolution value strings in scalability ini. Falling back to default.
LogInit: Display: Running engine for game: Greybox_tutorial
LogPakFile: Registered encryption key '00000000000000000000000000000000': 0 pak files mounted, 0 remain pending
LogPlatformFile: Not using cached read wrapper
LogTaskGraph: Started task graph with 5 named threads and 23 total threads with 3 sets of task threads.
LogStats: Stats thread started at 0.321989
LogD3D11RHI: Loaded GFSDK_Aftermath_Lib.x64.dll
LogICUInternationalization: ICU TimeZone Detection - Raw Offset: -5:00, Platform Override: ''
LogPluginManager: Mounting plugin Paper2D
LogPluginManager: Mounting plugin AISupport
LogPluginManager: Mounting plugin LightPropagationVolume
LogPluginManager: Mounting plugin ActorLayerUtilities
LogPluginManager: Mounting plugin CLionSourceCodeAccess
LogPluginManager: Mounting plugin CodeLiteSourceCodeAccess
LogPluginManager: Mounting plugin GitSourceControl
LogPluginManager: Mounting plugin KDevelopSourceCodeAccess
LogPluginManager: Mounting plugin NullSourceCodeAccess
LogPluginManager: Mounting plugin PerforceSourceControl
LogPluginManager: Mounting plugin SubversionSourceControl
LogPluginManager: Mounting plugin UObjectPlugin
LogPluginManager: Mounting plugin VisualStudioCodeSourceCodeAccess
LogPluginManager: Mounting plugin VisualStudioSourceCodeAccess
LogPluginManager: Mounting plugin XCodeSourceCodeAccess
LogPluginManager: Mounting plugin AssetManagerEditor
LogPluginManager: Mounting plugin CryptoKeys
LogPluginManager: Mounting plugin DataValidation
LogPluginManager: Mounting plugin FacialAnimation
LogPluginManager: Mounting plugin GameplayTagsEditor
LogPluginManager: Mounting plugin MacGraphicsSwitching
LogPluginManager: Mounting plugin MeshEditor
LogPluginManager: Mounting plugin MobileLauncherProfileWizard
LogPluginManager: Mounting plugin PluginBrowser
LogPluginManager: Mounting plugin SpeedTreeImporter
LogPluginManager: Mounting plugin DatasmithContent
LogPluginManager: Mounting plugin VariantManagerContent
LogPluginManager: Mounting plugin AlembicImporter
LogPluginManager: Mounting plugin AppleImageUtils
LogPluginManager: Mounting plugin AppleVision
LogPluginManager: Mounting plugin BackChannel
LogPluginManager: Mounting plugin CharacterAI
LogPluginManager: Mounting plugin GeometryCache
LogPluginManager: Mounting plugin HTML5Networking
LogPluginManager: Mounting plugin ProxyLODPlugin
LogPluginManager: Mounting plugin MagicLeap
LogPluginManager: Mounting plugin MagicLeapMedia
LogPluginManager: Mounting plugin AndroidMedia
LogPluginManager: Mounting plugin AvfMedia
LogPluginManager: Mounting plugin ImgMedia
LogPluginManager: Mounting plugin LinearTimecode
LogPluginManager: Mounting plugin MediaCompositing
LogPluginManager: Mounting plugin MediaPlayerEditor
LogPluginManager: Mounting plugin WebMMedia
LogPluginManager: Mounting plugin WmfMedia
LogPluginManager: Mounting plugin TcpMessaging
LogPluginManager: Mounting plugin UdpMessaging
LogPluginManager: Mounting plugin ActorSequence
LogPluginManager: Mounting plugin LevelSequenceEditor
LogPluginManager: Mounting plugin MatineeToLevelSequence
LogPluginManager: Mounting plugin NetcodeUnitTest
LogPluginManager: Mounting plugin NUTUnrealEngine4
LogPluginManager: Mounting plugin OnlineSubsystemGooglePlay
LogPluginManager: Mounting plugin OnlineSubsystemIOS
LogPluginManager: Mounting plugin OnlineSubsystem
LogPluginManager: Mounting plugin OnlineSubsystemNull
LogPluginManager: Mounting plugin OnlineSubsystemUtils
LogPluginManager: Mounting plugin LauncherChunkInstaller
LogPluginManager: Mounting plugin AndroidDeviceProfileSelector
LogPluginManager: Mounting plugin AndroidMoviePlayer
LogPluginManager: Mounting plugin AndroidPermission
LogPluginManager: Mounting plugin AppleMoviePlayer
LogPluginManager: Mounting plugin ArchVisCharacter
LogPluginManager: Mounting plugin AudioCapture
LogPluginManager: Mounting plugin CableComponent
LogPluginManager: Mounting plugin CustomMeshComponent
LogPluginManager: Mounting plugin EditableMesh
LogPluginManager: Mounting plugin ExampleDeviceProfileSelector
LogPluginManager: Mounting plugin Firebase
LogPluginManager: Mounting plugin GoogleCloudMessaging
LogPluginManager: Mounting plugin IOSDeviceProfileSelector
LogPluginManager: Mounting plugin LinuxDeviceProfileSelector
LogPluginManager: Mounting plugin LocationServicesBPLibrary
LogPluginManager: Mounting plugin MobilePatchingUtils
LogPluginManager: Mounting plugin OculusVR
LogPluginManager: Mounting plugin PhysXVehicles
LogPluginManager: Mounting plugin ProceduralMeshComponent
LogPluginManager: Mounting plugin RuntimePhysXCooking
LogPluginManager: Mounting plugin SteamVR
LogPluginManager: Mounting plugin WebMMoviePlayer
LogPluginManager: Mounting plugin WindowsMoviePlayer
LogStreaming: Display: Took  0.166s to configure plugins.
LogInit: Using libcurl 7.55.1-DEV
LogInit:  - built for x86_64-pc-win32
LogInit:  - supports SSL with OpenSSL/1.0.2h
LogInit:  - supports HTTP deflate (compression) using libz 1.2.8
LogInit:  - other features:
LogInit:      CURL_VERSION_SSL
LogInit:      CURL_VERSION_LIBZ
LogInit:      CURL_VERSION_IPV6
LogInit:      CURL_VERSION_ASYNCHDNS
LogInit:      CURL_VERSION_LARGEFILE
LogInit:      CURL_VERSION_IDN
LogInit:  CurlRequestOptions (configurable via config and command line):
LogInit:  - bVerifyPeer = true  - Libcurl will verify peer certificate
LogInit:  - bUseHttpProxy = false  - Libcurl will NOT use HTTP proxy
LogInit:  - bDontReuseConnections = false  - Libcurl will reuse connections
LogInit:  - MaxHostConnections = 16  - Libcurl will limit the number of connections to a host
LogInit:  - LocalHostAddr = Default
LogInit:  - BufferSize = 65536
LogInit: WinSock: version 1.1 (2.2), MaxSocks=32767, MaxUdp=65467
LogInit: Build: ++UE4+Release-4.21-CL-4613538
LogInit: Engine Version: 4.21.1-4613538+++UE4+Release-4.21
LogInit: Compatible Engine Version: 4.21.0-4541578+++UE4+Release-4.21
LogInit: Net CL: 4541578
LogInit: OS: Windows 10 (), CPU: Intel(R) Core(TM) i7-6700K CPU @ 4.00GHz, GPU: NVIDIA GeForce GTX 1080
LogInit: Compiled (64-bit): Nov 30 2018 04:13:25
LogInit: Compiled with Visual C++: 19.13.26129.00
LogInit: Build Configuration: Development
LogInit: Branch Name: ++UE4+Release-4.21
LogInit: Command Line: 
LogInit: Base Directory: C:/Program Files/Epic Games/UE_4.21/Engine/Binaries/Win64/
LogInit: Installed Engine Build: 1
LogDevObjectVersion: Number of dev versions registered: 22
LogDevObjectVersion:   Dev-Blueprints (B0D832E4-1F89-4F0D-ACCF-7EB736FD4AA2): 10
LogDevObjectVersion:   Dev-Build (E1C64328-A22C-4D53-A36C-8E866417BD8C): 0
LogDevObjectVersion:   Dev-Core (375EC13C-06E4-48FB-B500-84F0262A717E): 2
LogDevObjectVersion:   Dev-Editor (E4B068ED-F494-42E9-A231-DA0B2E46BB41): 26
LogDevObjectVersion:   Dev-Framework (CFFC743F-43B0-4480-9391-14DF171D2073): 34
LogDevObjectVersion:   Dev-Mobile (B02B49B5-BB20-44E9-A304-32B752E40360): 2
LogDevObjectVersion:   Dev-Networking (A4E4105C-59A1-49B5-A7C5-40C4547EDFEE): 0
LogDevObjectVersion:   Dev-Online (39C831C9-5AE6-47DC-9A44-9C173E1C8E7C): 0
LogDevObjectVersion:   Dev-Physics (78F01B33-EBEA-4F98-B9B4-84EACCB95AA2): 0
LogDevObjectVersion:   Dev-Platform (6631380F-2D4D-43E0-8009-CF276956A95A): 0
LogDevObjectVersion:   Dev-Rendering (12F88B9F-8875-4AFC-A67C-D90C383ABD29): 27
LogDevObjectVersion:   Dev-Sequencer (7B5AE74C-D270-4C10-A958-57980B212A5A): 9
LogDevObjectVersion:   Dev-VR (D7296918-1DD6-4BDD-9DE2-64A83CC13884): 2
LogDevObjectVersion:   Dev-LoadTimes (C2A15278-BFE7-4AFE-6C17-90FF531DF755): 1
LogDevObjectVersion:   Private-Geometry (6EACA3D4-40EC-4CC1-B786-8BED09428FC5): 3
LogDevObjectVersion:   Dev-AnimPhys (29E575DD-E0A3-4627-9D10-D276232CDCEA): 17
LogDevObjectVersion:   Dev-Anim (AF43A65D-7FD3-4947-9873-3E8ED9C1BB05): 2
LogDevObjectVersion:   Dev-ReflectionCapture (6B266CEC-1EC7-4B8F-A30B-E4D90942FC07): 1
LogDevObjectVersion:   Dev-Automation (0DF73D61-A23F-47EA-B727-89E90C41499A): 1
LogDevObjectVersion:   FortniteMain (601D1886-AC64-4F84-AA16-D3DE0DEAC7D6): 17
LogDevObjectVersion:   Dev-Enterprise (9DFFBCD6-494F-0158-E221-12823C92A888): 4
LogDevObjectVersion:   Dev-Niagara (F2AED0AC-9AFE-416F-8664-AA7FFA26D6FC): 1
LogStreaming: Display: Took  0.005s to delete old logs.
LogInit: Presizing for max 8388607 objects, including 0 objects not considered by GC, pre-allocating 0 bytes for permanent pool.
LogInit: Object subsystem initialized
LogConfig: Setting CVar [[con.DebugEarlyDefault:1]]
LogConfig: Setting CVar [[r.setres:1280x720]]
[2019.02.14-02.59.39:382][  0]LogConfig: Setting CVar [[r.VSync:0]]
[2019.02.14-02.59.39:382][  0]LogConfig: Setting CVar [[r.RHICmdBypass:0]]
[2019.02.14-02.59.39:382][  0]LogConfig: Applying CVar settings from Section [/Script/Engine.RendererSettings] File [E:/Senior 2nd QTR/ITGM 425/SourceTree/Greybox_tutorial/Saved/Config/Windows/Engine.ini]
[2019.02.14-02.59.39:382][  0]LogConfig: Setting CVar [[r.GPUCrashDebugging:0]]
[2019.02.14-02.59.39:382][  0]LogConfig: Setting CVar [[r.DefaultFeature.MotionBlur:0]]
[2019.02.14-02.59.39:382][  0]LogConfig: Setting CVar [[r.CustomDepth:3]]
[2019.02.14-02.59.39:382][  0]LogConfig: Setting CVar [[r.DefaultFeature.AutoExposure:0]]
[2019.02.14-02.59.39:382][  0]LogConfig: Setting CVar [[r.DefaultFeature.AutoExposure.Method:0]]
[2019.02.14-02.59.39:382][  0]LogConfig: Applying CVar settings from Section [/Script/Engine.RendererOverrideSettings] File [E:/Senior 2nd QTR/ITGM 425/SourceTree/Greybox_tutorial/Saved/Config/Windows/Engine.ini]
[2019.02.14-02.59.39:382][  0]LogConfig: Applying CVar settings from Section [/Script/Engine.StreamingSettings] File [E:/Senior 2nd QTR/ITGM 425/SourceTree/Greybox_tutorial/Saved/Config/Windows/Engine.ini]
[2019.02.14-02.59.39:382][  0]LogConfig: Setting CVar [[s.MinBulkDataSizeForAsyncLoading:131072]]
[2019.02.14-02.59.39:382][  0]LogConfig: Setting CVar [[s.AsyncLoadingThreadEnabled:0]]
[2019.02.14-02.59.39:382][  0]LogConfig: Setting CVar [[s.EventDrivenLoaderEnabled:1]]
[2019.02.14-02.59.39:382][  0]LogConfig: Setting CVar [[s.WarnIfTimeLimitExceeded:0]]
[2019.02.14-02.59.39:382][  0]LogConfig: Setting CVar [[s.TimeLimitExceededMultiplier:1.5]]
[2019.02.14-02.59.39:382][  0]LogConfig: Setting CVar [[s.TimeLimitExceededMinTime:0.005]]
[2019.02.14-02.59.39:382][  0]LogConfig: Setting CVar [[s.UseBackgroundLevelStreaming:1]]
[2019.02.14-02.59.39:382][  0]LogConfig: Setting CVar [[s.PriorityAsyncLoadingExtraTime:15.0]]
[2019.02.14-02.59.39:382][  0]LogConfig: Setting CVar [[s.LevelStreamingActorsUpdateTimeLimit:5.0]]
[2019.02.14-02.59.39:382][  0]LogConfig: Setting CVar [[s.PriorityLevelStreamingActorsUpdateExtraTime:5.0]]
[2019.02.14-02.59.39:382][  0]LogConfig: Setting CVar [[s.LevelStreamingComponentsRegistrationGranularity:10]]
[2019.02.14-02.59.39:382][  0]LogConfig: Setting CVar [[s.UnregisterComponentsTimeLimit:1.0]]
[2019.02.14-02.59.39:382][  0]LogConfig: Setting CVar [[s.LevelStreamingComponentsUnregistrationGranularity:5]]
[2019.02.14-02.59.39:382][  0]LogConfig: Applying CVar settings from Section [/Script/Engine.GarbageCollectionSettings] File [E:/Senior 2nd QTR/ITGM 425/SourceTree/Greybox_tutorial/Saved/Config/Windows/Engine.ini]
[2019.02.14-02.59.39:382][  0]LogConfig: Setting CVar [[gc.MaxObjectsNotConsideredByGC:1]]
[2019.02.14-02.59.39:382][  0]LogConfig: Setting CVar [[gc.SizeOfPermanentObjectPool:0]]
[2019.02.14-02.59.39:382][  0]LogConfig: Setting CVar [[gc.FlushStreamingOnGC:0]]
[2019.02.14-02.59.39:382][  0]LogConfig: Setting CVar [[gc.NumRetriesBeforeForcingGC:10]]
[2019.02.14-02.59.39:382][  0]LogConfig: Setting CVar [[gc.AllowParallelGC:1]]
[2019.02.14-02.59.39:382][  0]LogConfig: Setting CVar [[gc.TimeBetweenPurgingPendingKillObjects:61.1]]
[2019.02.14-02.59.39:382][  0]LogConfig: Setting CVar [[gc.MaxObjectsInEditor:8388607]]
[2019.02.14-02.59.39:382][  0]LogConfig: Setting CVar [[gc.IncrementalBeginDestroyEnabled:1]]
[2019.02.14-02.59.39:382][  0]LogConfig: Setting CVar [[gc.CreateGCClusters:1]]
[2019.02.14-02.59.39:382][  0]LogConfig: Setting CVar [[gc.MergeGCClusters:0]]
[2019.02.14-02.59.39:382][  0]LogConfig: Setting CVar [[gc.MinGCClusterSize:5]]
[2019.02.14-02.59.39:382][  0]LogConfig: Setting CVar [[gc.ActorClusteringEnabled:0]]
[2019.02.14-02.59.39:382][  0]LogConfig: Setting CVar [[gc.BlueprintClusteringEnabled:0]]
[2019.02.14-02.59.39:382][  0]LogConfig: Setting CVar [[gc.UseDisregardForGCOnDedicatedServers:0]]
[2019.02.14-02.59.39:382][  0]LogConfig: Applying CVar settings from Section [/Script/Engine.NetworkSettings] File [E:/Senior 2nd QTR/ITGM 425/SourceTree/Greybox_tutorial/Saved/Config/Windows/Engine.ini]
[2019.02.14-02.59.39:382][  0]LogConfig: Applying CVar settings from Section [/Script/UnrealEd.CookerSettings] File [E:/Senior 2nd QTR/ITGM 425/SourceTree/Greybox_tutorial/Saved/Config/Windows/Engine.ini]
[2019.02.14-02.59.39:387][  0]LogConfig: Applying CVar settings from Section [ViewDistanceQuality@3] File [E:/Senior 2nd QTR/ITGM 425/SourceTree/Greybox_tutorial/Saved/Config/Windows/Scalability.ini]
[2019.02.14-02.59.39:387][  0]LogConfig: Setting CVar [[r.SkeletalMeshLODBias:0]]
[2019.02.14-02.59.39:387][  0]LogConfig: Setting CVar [[r.ViewDistanceScale:1.0]]
[2019.02.14-02.59.39:387][  0]LogConfig: Applying CVar settings from Section [AntiAliasingQuality@3] File [E:/Senior 2nd QTR/ITGM 425/SourceTree/Greybox_tutorial/Saved/Config/Windows/Scalability.ini]
[2019.02.14-02.59.39:387][  0]LogConfig: Setting CVar [[r.PostProcessAAQuality:4]]
[2019.02.14-02.59.39:387][  0]LogConfig: Applying CVar settings from Section [ShadowQuality@3] File [E:/Senior 2nd QTR/ITGM 425/SourceTree/Greybox_tutorial/Saved/Config/Windows/Scalability.ini]
[2019.02.14-02.59.39:387][  0]LogConfig: Setting CVar [[r.LightFunctionQuality:1]]
[2019.02.14-02.59.39:387][  0]LogConfig: Setting CVar [[r.ShadowQuality:5]]
[2019.02.14-02.59.39:387][  0]LogConfig: Setting CVar [[r.Shadow.CSM.MaxCascades:10]]
[2019.02.14-02.59.39:387][  0]LogConfig: Setting CVar [[r.Shadow.MaxResolution:2048]]
[2019.02.14-02.59.39:387][  0]LogConfig: Setting CVar [[r.Shadow.MaxCSMResolution:2048]]
[2019.02.14-02.59.39:387][  0]LogConfig: Setting CVar [[r.Shadow.RadiusThreshold:0.01]]
[2019.02.14-02.59.39:387][  0]LogConfig: Setting CVar [[r.Shadow.DistanceScale:1.0]]
[2019.02.14-02.59.39:387][  0]LogConfig: Setting CVar [[r.Shadow.CSM.TransitionScale:1.0]]
[2019.02.14-02.59.39:387][  0]LogConfig: Setting CVar [[r.Shadow.PreShadowResolutionFactor:1.0]]
[2019.02.14-02.59.39:388][  0]LogConfig: Setting CVar [[r.DistanceFieldShadowing:1]]
[2019.02.14-02.59.39:388][  0]LogConfig: Setting CVar [[r.DistanceFieldAO:1]]
[2019.02.14-02.59.39:388][  0]LogConfig: Setting CVar [[r.AOQuality:2]]
[2019.02.14-02.59.39:388][  0]LogConfig: Setting CVar [[r.VolumetricFog:1]]
[2019.02.14-02.59.39:388][  0]LogConfig: Setting CVar [[r.VolumetricFog.GridPixelSize:8]]
[2019.02.14-02.59.39:388][  0]LogConfig: Setting CVar [[r.VolumetricFog.GridSizeZ:128]]
[2019.02.14-02.59.39:388][  0]LogConfig: Setting CVar [[r.VolumetricFog.HistoryMissSupersampleCount:4]]
[2019.02.14-02.59.39:388][  0]LogConfig: Setting CVar [[r.LightMaxDrawDistanceScale:1]]
[2019.02.14-02.59.39:388][  0]LogConfig: Setting CVar [[r.CapsuleShadows:1]]
[2019.02.14-02.59.39:388][  0]LogConfig: Applying CVar settings from Section [PostProcessQuality@3] File [E:/Senior 2nd QTR/ITGM 425/SourceTree/Greybox_tutorial/Saved/Config/Windows/Scalability.ini]
[2019.02.14-02.59.39:388][  0]LogConfig: Setting CVar [[r.MotionBlurQuality:4]]
[2019.02.14-02.59.39:388][  0]LogConfig: Setting CVar [[r.AmbientOcclusionMipLevelFactor:0.4]]
[2019.02.14-02.59.39:388][  0]LogConfig: Setting CVar [[r.AmbientOcclusionMaxQuality:100]]
[2019.02.14-02.59.39:388][  0]LogConfig: Setting CVar [[r.AmbientOcclusionLevels:-1]]
[2019.02.14-02.59.39:388][  0]LogConfig: Setting CVar [[r.AmbientOcclusionRadiusScale:1.0]]
[2019.02.14-02.59.39:388][  0]LogConfig: Setting CVar [[r.DepthOfFieldQuality:2]]
[2019.02.14-02.59.39:388][  0]LogConfig: Setting CVar [[r.RenderTargetPoolMin:400]]
[2019.02.14-02.59.39:388][  0]LogConfig: Setting CVar [[r.LensFlareQuality:2]]
[2019.02.14-02.59.39:388][  0]LogConfig: Setting CVar [[r.SceneColorFringeQuality:1]]
[2019.02.14-02.59.39:388][  0]LogConfig: Setting CVar [[r.EyeAdaptationQuality:2]]
[2019.02.14-02.59.39:388][  0]LogConfig: Setting CVar [[r.BloomQuality:5]]
[2019.02.14-02.59.39:388][  0]LogConfig: Setting CVar [[r.FastBlurThreshold:100]]
[2019.02.14-02.59.39:388][  0]LogConfig: Setting CVar [[r.Upscale.Quality:3]]
[2019.02.14-02.59.39:388][  0]LogConfig: Setting CVar [[r.Tonemapper.GrainQuantization:1]]
[2019.02.14-02.59.39:388][  0]LogConfig: Setting CVar [[r.LightShaftQuality:1]]
[2019.02.14-02.59.39:388][  0]LogConfig: Setting CVar [[r.Filter.SizeScale:1]]
[2019.02.14-02.59.39:388][  0]LogConfig: Setting CVar [[r.Tonemapper.Quality:5]]
[2019.02.14-02.59.39:388][  0]LogConfig: Setting CVar [[r.DOF.Gather.AccumulatorQuality:1        ; higher gathering accumulator quality]]
[2019.02.14-02.59.39:388][  0]LogConfig: Setting CVar [[r.DOF.Gather.PostfilterMethod:1          ; Median3x3 postfilering method]]
[2019.02.14-02.59.39:388][  0]LogConfig: Setting CVar [[r.DOF.Gather.EnableBokehSettings:0       ; no bokeh simulation when gathering]]
[2019.02.14-02.59.39:388][  0]LogConfig: Setting CVar [[r.DOF.Gather.RingCount:4                 ; medium number of samples when gathering]]
[2019.02.14-02.59.39:388][  0]LogConfig: Setting CVar [[r.DOF.Scatter.ForegroundCompositing:1    ; additive foreground scattering]]
[2019.02.14-02.59.39:388][  0]LogConfig: Setting CVar [[r.DOF.Scatter.BackgroundCompositing:2    ; additive background scattering]]
[2019.02.14-02.59.39:388][  0]LogConfig: Setting CVar [[r.DOF.Scatter.EnableBokehSettings:1      ; bokeh simulation when scattering]]
[2019.02.14-02.59.39:388][  0]LogConfig: Setting CVar [[r.DOF.Scatter.MaxSpriteRatio:0.1         ; only a maximum of 10% of scattered bokeh]]
[2019.02.14-02.59.39:388][  0]LogConfig: Setting CVar [[r.DOF.Recombine.Quality:1                ; cheap slight out of focus]]
[2019.02.14-02.59.39:388][  0]LogConfig: Setting CVar [[r.DOF.Recombine.EnableBokehSettings:0    ; no bokeh simulation on slight out of focus]]
[2019.02.14-02.59.39:388][  0]LogConfig: Setting CVar [[r.DOF.TemporalAAQuality:1                ; more stable temporal accumulation]]
[2019.02.14-02.59.39:388][  0]LogConfig: Setting CVar [[r.DOF.Kernel.MaxForegroundRadius:0.025]]
[2019.02.14-02.59.39:388][  0]LogConfig: Setting CVar [[r.DOF.Kernel.MaxBackgroundRadius:0.025]]
[2019.02.14-02.59.39:388][  0]LogConfig: Applying CVar settings from Section [TextureQuality@3] File [E:/Senior 2nd QTR/ITGM 425/SourceTree/Greybox_tutorial/Saved/Config/Windows/Scalability.ini]
[2019.02.14-02.59.39:388][  0]LogConfig: Setting CVar [[r.Streaming.MipBias:0]]
[2019.02.14-02.59.39:388][  0]LogConfig: Setting CVar [[r.Streaming.AmortizeCPUToGPUCopy:0]]
[2019.02.14-02.59.39:388][  0]LogConfig: Setting CVar [[r.Streaming.MaxNumTexturesToStreamPerFrame:0]]
[2019.02.14-02.59.39:388][  0]LogConfig: Setting CVar [[r.Streaming.Boost:1]]
[2019.02.14-02.59.39:388][  0]LogConfig: Setting CVar [[r.MaxAnisotropy:8]]
[2019.02.14-02.59.39:388][  0]LogConfig: Setting CVar [[r.Streaming.LimitPoolSizeToVRAM:0]]
[2019.02.14-02.59.39:388][  0]LogConfig: Setting CVar [[r.Streaming.PoolSize:1000]]
[2019.02.14-02.59.39:388][  0]LogConfig: Setting CVar [[r.Streaming.MaxEffectiveScreenSize:0]]
[2019.02.14-02.59.39:388][  0]LogConfig: Applying CVar settings from Section [EffectsQuality@3] File [E:/Senior 2nd QTR/ITGM 425/SourceTree/Greybox_tutorial/Saved/Config/Windows/Scalability.ini]
[2019.02.14-02.59.39:388][  0]LogConfig: Setting CVar [[r.TranslucencyLightingVolumeDim:64]]
[2019.02.14-02.59.39:388][  0]LogConfig: Setting CVar [[r.RefractionQuality:2]]
[2019.02.14-02.59.39:388][  0]LogConfig: Setting CVar [[r.SSR.Quality:3]]
[2019.02.14-02.59.39:388][  0]LogConfig: Setting CVar [[r.SceneColorFormat:4]]
[2019.02.14-02.59.39:388][  0]LogConfig: Setting CVar [[r.DetailMode:2]]
[2019.02.14-02.59.39:388][  0]LogConfig: Setting CVar [[r.TranslucencyVolumeBlur:1]]
[2019.02.14-02.59.39:388][  0]LogConfig: Setting CVar [[r.MaterialQualityLevel:1 ; High quality]]
[2019.02.14-02.59.39:388][  0]LogConfig: Setting CVar [[r.SSS.Scale:1]]
[2019.02.14-02.59.39:388][  0]LogConfig: Setting CVar [[r.SSS.SampleSet:2]]
[2019.02.14-02.59.39:388][  0]LogConfig: Setting CVar [[r.SSS.Quality:1]]
[2019.02.14-02.59.39:388][  0]LogConfig: Setting CVar [[r.SSS.HalfRes:1]]
[2019.02.14-02.59.39:388][  0]LogConfig: Setting CVar [[r.EmitterSpawnRateScale:1.0]]
[2019.02.14-02.59.39:388][  0]LogConfig: Setting CVar [[r.ParticleLightQuality:2]]
[2019.02.14-02.59.39:388][  0]LogConfig: Applying CVar settings from Section [FoliageQuality@3] File [E:/Senior 2nd QTR/ITGM 425/SourceTree/Greybox_tutorial/Saved/Config/Windows/Scalability.ini]
[2019.02.14-02.59.39:388][  0]LogConfig: Setting CVar [[foliage.DensityScale:1.0]]
[2019.02.14-02.59.39:388][  0]LogConfig: Setting CVar [[grass.DensityScale:1.0]]
[2019.02.14-02.59.39:389][  0]LogInit: Selected Device Profile: [Windows]
[2019.02.14-02.59.39:389][  0]LogInit: Applying CVar settings loaded from the selected device profile: [Windows]
[2019.02.14-02.59.39:407][  0]LogHAL: Display: Platform has ~ 32 GB [34309332992 / 34359738368 / 32], which maps to Largest [LargestMinGB=32, LargerMinGB=12, DefaultMinGB=8, SmallerMinGB=6, SmallestMinGB=0)
[2019.02.14-02.59.39:408][  0]LogConfig: Setting CVar [[r.Vulkan.UseRealUBs:1]]
[2019.02.14-02.59.39:408][  0]LogInit: Going up to parent DeviceProfile []
[2019.02.14-02.59.39:409][  0]LogConfig: Applying CVar settings from Section [ViewDistanceQuality@3] File [E:/Senior 2nd QTR/ITGM 425/SourceTree/Greybox_tutorial/Saved/Config/Windows/Scalability.ini]
[2019.02.14-02.59.39:409][  0]LogConfig: Setting CVar [[r.SkeletalMeshLODBias:0]]
[2019.02.14-02.59.39:409][  0]LogConfig: Setting CVar [[r.ViewDistanceScale:1.0]]
[2019.02.14-02.59.39:409][  0]LogConfig: Applying CVar settings from Section [AntiAliasingQuality@3] File [E:/Senior 2nd QTR/ITGM 425/SourceTree/Greybox_tutorial/Saved/Config/Windows/Scalability.ini]
[2019.02.14-02.59.39:409][  0]LogConfig: Setting CVar [[r.PostProcessAAQuality:4]]
[2019.02.14-02.59.39:409][  0]LogConfig: Applying CVar settings from Section [ShadowQuality@3] File [E:/Senior 2nd QTR/ITGM 425/SourceTree/Greybox_tutorial/Saved/Config/Windows/Scalability.ini]
[2019.02.14-02.59.39:409][  0]LogConfig: Setting CVar [[r.LightFunctionQuality:1]]
[2019.02.14-02.59.39:409][  0]LogConfig: Setting CVar [[r.ShadowQuality:5]]
[2019.02.14-02.59.39:409][  0]LogConfig: Setting CVar [[r.Shadow.CSM.MaxCascades:10]]
[2019.02.14-02.59.39:409][  0]LogConfig: Setting CVar [[r.Shadow.MaxResolution:2048]]
[2019.02.14-02.59.39:409][  0]LogConfig: Setting CVar [[r.Shadow.MaxCSMResolution:2048]]
[2019.02.14-02.59.39:409][  0]LogConfig: Setting CVar [[r.Shadow.RadiusThreshold:0.01]]
[2019.02.14-02.59.39:409][  0]LogConfig: Setting CVar [[r.Shadow.DistanceScale:1.0]]
[2019.02.14-02.59.39:409][  0]LogConfig: Setting CVar [[r.Shadow.CSM.TransitionScale:1.0]]
[2019.02.14-02.59.39:409][  0]LogConfig: Setting CVar [[r.Shadow.PreShadowResolutionFactor:1.0]]
[2019.02.14-02.59.39:409][  0]LogConfig: Setting CVar [[r.DistanceFieldShadowing:1]]
[2019.02.14-02.59.39:409][  0]LogConfig: Setting CVar [[r.DistanceFieldAO:1]]
[2019.02.14-02.59.39:409][  0]LogConfig: Setting CVar [[r.AOQuality:2]]
[2019.02.14-02.59.39:409][  0]LogConfig: Setting CVar [[r.VolumetricFog:1]]
[2019.02.14-02.59.39:409][  0]LogConfig: Setting CVar [[r.VolumetricFog.GridPixelSize:8]]
[2019.02.14-02.59.39:409][  0]LogConfig: Setting CVar [[r.VolumetricFog.GridSizeZ:128]]
[2019.02.14-02.59.39:409][  0]LogConfig: Setting CVar [[r.VolumetricFog.HistoryMissSupersampleCount:4]]
[2019.02.14-02.59.39:409][  0]LogConfig: Setting CVar [[r.LightMaxDrawDistanceScale:1]]
[2019.02.14-02.59.39:409][  0]LogConfig: Setting CVar [[r.CapsuleShadows:1]]
[2019.02.14-02.59.39:409][  0]LogConfig: Applying CVar settings from Section [PostProcessQuality@3] File [E:/Senior 2nd QTR/ITGM 425/SourceTree/Greybox_tutorial/Saved/Config/Windows/Scalability.ini]
[2019.02.14-02.59.39:409][  0]LogConfig: Setting CVar [[r.MotionBlurQuality:4]]
[2019.02.14-02.59.39:409][  0]LogConfig: Setting CVar [[r.AmbientOcclusionMipLevelFactor:0.4]]
[2019.02.14-02.59.39:409][  0]LogConfig: Setting CVar [[r.AmbientOcclusionMaxQuality:100]]
[2019.02.14-02.59.39:409][  0]LogConfig: Setting CVar [[r.AmbientOcclusionLevels:-1]]
[2019.02.14-02.59.39:409][  0]LogConfig: Setting CVar [[r.AmbientOcclusionRadiusScale:1.0]]
[2019.02.14-02.59.39:409][  0]LogConfig: Setting CVar [[r.DepthOfFieldQuality:2]]
[2019.02.14-02.59.39:409][  0]LogConfig: Setting CVar [[r.RenderTargetPoolMin:400]]
[2019.02.14-02.59.39:409][  0]LogConfig: Setting CVar [[r.LensFlareQuality:2]]
[2019.02.14-02.59.39:409][  0]LogConfig: Setting CVar [[r.SceneColorFringeQuality:1]]
[2019.02.14-02.59.39:409][  0]LogConfig: Setting CVar [[r.EyeAdaptationQuality:2]]
[2019.02.14-02.59.39:409][  0]LogConfig: Setting CVar [[r.BloomQuality:5]]
[2019.02.14-02.59.39:409][  0]LogConfig: Setting CVar [[r.FastBlurThreshold:100]]
[2019.02.14-02.59.39:409][  0]LogConfig: Setting CVar [[r.Upscale.Quality:3]]
[2019.02.14-02.59.39:409][  0]LogConfig: Setting CVar [[r.Tonemapper.GrainQuantization:1]]
[2019.02.14-02.59.39:409][  0]LogConfig: Setting CVar [[r.LightShaftQuality:1]]
[2019.02.14-02.59.39:409][  0]LogConfig: Setting CVar [[r.Filter.SizeScale:1]]
[2019.02.14-02.59.39:409][  0]LogConfig: Setting CVar [[r.Tonemapper.Quality:5]]
[2019.02.14-02.59.39:409][  0]LogConfig: Setting CVar [[r.DOF.Gather.AccumulatorQuality:1        ; higher gathering accumulator quality]]
[2019.02.14-02.59.39:409][  0]LogConfig: Setting CVar [[r.DOF.Gather.PostfilterMethod:1          ; Median3x3 postfilering method]]
[2019.02.14-02.59.39:409][  0]LogConfig: Setting CVar [[r.DOF.Gather.EnableBokehSettings:0       ; no bokeh simulation when gathering]]
[2019.02.14-02.59.39:409][  0]LogConfig: Setting CVar [[r.DOF.Gather.RingCount:4                 ; medium number of samples when gathering]]
[2019.02.14-02.59.39:409][  0]LogConfig: Setting CVar [[r.DOF.Scatter.ForegroundCompositing:1    ; additive foreground scattering]]
[2019.02.14-02.59.39:409][  0]LogConfig: Setting CVar [[r.DOF.Scatter.BackgroundCompositing:2    ; additive background scattering]]
[2019.02.14-02.59.39:409][  0]LogConfig: Setting CVar [[r.DOF.Scatter.EnableBokehSettings:1      ; bokeh simulation when scattering]]
[2019.02.14-02.59.39:409][  0]LogConfig: Setting CVar [[r.DOF.Scatter.MaxSpriteRatio:0.1         ; only a maximum of 10% of scattered bokeh]]
[2019.02.14-02.59.39:409][  0]LogConfig: Setting CVar [[r.DOF.Recombine.Quality:1                ; cheap slight out of focus]]
[2019.02.14-02.59.39:409][  0]LogConfig: Setting CVar [[r.DOF.Recombine.EnableBokehSettings:0    ; no bokeh simulation on slight out of focus]]
[2019.02.14-02.59.39:409][  0]LogConfig: Setting CVar [[r.DOF.TemporalAAQuality:1                ; more stable temporal accumulation]]
[2019.02.14-02.59.39:409][  0]LogConfig: Setting CVar [[r.DOF.Kernel.MaxForegroundRadius:0.025]]
[2019.02.14-02.59.39:409][  0]LogConfig: Setting CVar [[r.DOF.Kernel.MaxBackgroundRadius:0.025]]
[2019.02.14-02.59.39:409][  0]LogConfig: Applying CVar settings from Section [TextureQuality@3] File [E:/Senior 2nd QTR/ITGM 425/SourceTree/Greybox_tutorial/Saved/Config/Windows/Scalability.ini]
[2019.02.14-02.59.39:409][  0]LogConfig: Setting CVar [[r.Streaming.MipBias:0]]
[2019.02.14-02.59.39:409][  0]LogConfig: Setting CVar [[r.Streaming.AmortizeCPUToGPUCopy:0]]
[2019.02.14-02.59.39:409][  0]LogConfig: Setting CVar [[r.Streaming.MaxNumTexturesToStreamPerFrame:0]]
[2019.02.14-02.59.39:409][  0]LogConfig: Setting CVar [[r.Streaming.Boost:1]]
[2019.02.14-02.59.39:409][  0]LogConfig: Setting CVar [[r.MaxAnisotropy:8]]
[2019.02.14-02.59.39:409][  0]LogConfig: Setting CVar [[r.Streaming.LimitPoolSizeToVRAM:0]]
[2019.02.14-02.59.39:409][  0]LogConfig: Setting CVar [[r.Streaming.PoolSize:1000]]
[2019.02.14-02.59.39:409][  0]LogConfig: Setting CVar [[r.Streaming.MaxEffectiveScreenSize:0]]
[2019.02.14-02.59.39:409][  0]LogConfig: Applying CVar settings from Section [EffectsQuality@3] File [E:/Senior 2nd QTR/ITGM 425/SourceTree/Greybox_tutorial/Saved/Config/Windows/Scalability.ini]
[2019.02.14-02.59.39:409][  0]LogConfig: Setting CVar [[r.TranslucencyLightingVolumeDim:64]]
[2019.02.14-02.59.39:409][  0]LogConfig: Setting CVar [[r.RefractionQuality:2]]
[2019.02.14-02.59.39:409][  0]LogConfig: Setting CVar [[r.SSR.Quality:3]]
[2019.02.14-02.59.39:409][  0]LogConfig: Setting CVar [[r.SceneColorFormat:4]]
[2019.02.14-02.59.39:409][  0]LogConfig: Setting CVar [[r.DetailMode:2]]
[2019.02.14-02.59.39:409][  0]LogConfig: Setting CVar [[r.TranslucencyVolumeBlur:1]]
[2019.02.14-02.59.39:409][  0]LogConfig: Setting CVar [[r.MaterialQualityLevel:1 ; High quality]]
[2019.02.14-02.59.39:409][  0]LogConfig: Setting CVar [[r.SSS.Scale:1]]
[2019.02.14-02.59.39:409][  0]LogConfig: Setting CVar [[r.SSS.SampleSet:2]]
[2019.02.14-02.59.39:409][  0]LogConfig: Setting CVar [[r.SSS.Quality:1]]
[2019.02.14-02.59.39:409][  0]LogConfig: Setting CVar [[r.SSS.HalfRes:1]]
[2019.02.14-02.59.39:409][  0]LogConfig: Setting CVar [[r.EmitterSpawnRateScale:1.0]]
[2019.02.14-02.59.39:409][  0]LogConfig: Setting CVar [[r.ParticleLightQuality:2]]
[2019.02.14-02.59.39:409][  0]LogConfig: Applying CVar settings from Section [FoliageQuality@3] File [E:/Senior 2nd QTR/ITGM 425/SourceTree/Greybox_tutorial/Saved/Config/Windows/Scalability.ini]
[2019.02.14-02.59.39:409][  0]LogConfig: Setting CVar [[foliage.DensityScale:1.0]]
[2019.02.14-02.59.39:409][  0]LogConfig: Setting CVar [[grass.DensityScale:1.0]]
[2019.02.14-02.59.39:409][  0]LogConfig: Applying CVar settings from Section [Startup] File [../../../Engine/Config/ConsoleVariables.ini]
[2019.02.14-02.59.39:414][  0]LogConfig: Setting CVar [[net.UseAdaptiveNetUpdateFrequency:0]]
[2019.02.14-02.59.39:414][  0]LogConfig: Applying CVar settings from Section [ConsoleVariables] File [E:/Senior 2nd QTR/ITGM 425/SourceTree/Greybox_tutorial/Saved/Config/Windows/Engine.ini]
[2019.02.14-02.59.39:414][  0]LogInit: Computer: KRISPC
[2019.02.14-02.59.39:415][  0]LogInit: User: Kris
[2019.02.14-02.59.39:415][  0]LogInit: CPU Page size=4096, Cores=4
[2019.02.14-02.59.39:415][  0]LogInit: High frequency timer resolution =3.914068 MHz
[2019.02.14-02.59.39:415][  0]LogMemory: Memory total: Physical=32.0GB (32GB approx)
[2019.02.14-02.59.39:415][  0]LogMemory: Platform Memory Stats for Windows
[2019.02.14-02.59.39:415][  0]LogMemory: Process Physical Memory: 104.61 MB used, 104.61 MB peak
[2019.02.14-02.59.39:415][  0]LogMemory: Process Virtual Memory: 102.10 MB used, 102.10 MB peak
[2019.02.14-02.59.39:415][  0]LogMemory: Physical Memory: 10123.64 MB used,  22596.29 MB free, 32719.93 MB total
[2019.02.14-02.59.39:415][  0]LogMemory: Virtual Memory: 4663.18 MB used,  134213064.00 MB free, 134217728.00 MB total
[2019.02.14-02.59.39:577][  0]LogInit: Using OS detected language (en-US).
[2019.02.14-02.59.39:577][  0]LogInit: Using OS detected locale (en-US).
[2019.02.14-02.59.39:578][  0]LogTextLocalizationManager: No specific localization for 'en-US' exists, so the 'en' localization will be used.
[2019.02.14-02.59.40:008][  0]LogStreaming: Display: Took  0.432s to InitEngineTextLocalization.
[2019.02.14-02.59.40:009][  0]LogInit: Setting process to per monitor DPI aware
[2019.02.14-02.59.40:079][  0]LogSlate: New Slate User Created.  User Index 0, Is Virtual User: 0
[2019.02.14-02.59.40:079][  0]LogSlate: Slate User Registered.  User Index 0, Is Virtual User: 0
[2019.02.14-02.59.41:968][  0]LogHMD: Failed to initialize OpenVR with code 110
[2019.02.14-02.59.41:968][  0]LogD3D11RHI: D3D11 adapters:
[2019.02.14-02.59.42:007][  0]LogD3D11RHI:    0. 'NVIDIA GeForce GTX 1080' (Feature Level 11_0)
[2019.02.14-02.59.42:007][  0]LogD3D11RHI:       8086/0/16359 MB DedicatedVideo/DedicatedSystem/SharedSystem, Outputs:1, VendorId:0x10de
[2019.02.14-02.59.42:009][  0]LogD3D11RHI:    1. 'Microsoft Basic Render Driver' (Feature Level 11_0)
[2019.02.14-02.59.42:009][  0]LogD3D11RHI:       0/0/16359 MB DedicatedVideo/DedicatedSystem/SharedSystem, Outputs:0, VendorId:0x1414
[2019.02.14-02.59.42:009][  0]LogD3D11RHI: Chosen D3D11 Adapter: 0
[2019.02.14-02.59.42:017][  0]LogD3D11RHI: Creating new Direct3DDevice
[2019.02.14-02.59.42:017][  0]LogD3D11RHI:     GPU DeviceId: 0x1b80 (for the marketing name, search the web for "GPU Device Id")
[2019.02.14-02.59.42:017][  0]LogWindows: EnumDisplayDevices:
[2019.02.14-02.59.42:018][  0]LogWindows:    0. 'NVIDIA GeForce GTX 1080' (P:1 D:1)
[2019.02.14-02.59.42:018][  0]LogWindows:    1. 'NVIDIA GeForce GTX 1080' (P:0 D:0)
[2019.02.14-02.59.42:018][  0]LogWindows:    2. 'NVIDIA GeForce GTX 1080' (P:0 D:0)
[2019.02.14-02.59.42:019][  0]LogWindows:    3. 'NVIDIA GeForce GTX 1080' (P:0 D:0)
[2019.02.14-02.59.42:019][  0]LogWindows: DebugString: FoundDriverCount:4 
[2019.02.14-02.59.42:019][  0]LogD3D11RHI:     Adapter Name: NVIDIA GeForce GTX 1080
[2019.02.14-02.59.42:019][  0]LogD3D11RHI:   Driver Version: 388.13 (internal:23.21.13.8813, unified:388.13)
[2019.02.14-02.59.42:019][  0]LogD3D11RHI:      Driver Date: 10-27-2017
[2019.02.14-02.59.42:019][  0]LogRHI: Texture pool is 5660 MB (70% of 8086 MB)
[2019.02.14-02.59.42:051][  0]LogD3D11RHI: Async texture creation enabled
[2019.02.14-02.59.42:074][  0]LogD3D11RHI: GPU Timing Frequency: 1000.000000 (Debug: 2 1)
[2019.02.14-02.59.42:447][  0]LogTemp: Display: Loaded TP AllDesktopTargetPlatform
[2019.02.14-02.59.42:459][  0]LogTemp: Display: Loaded TP MacClientTargetPlatform
[2019.02.14-02.59.42:471][  0]LogTemp: Display: Loaded TP MacNoEditorTargetPlatform
[2019.02.14-02.59.42:483][  0]LogTemp: Display: Loaded TP MacServerTargetPlatform
[2019.02.14-02.59.42:500][  0]LogTemp: Display: Loaded TP MacTargetPlatform
[2019.02.14-02.59.42:514][  0]LogTemp: Display: Loaded TP WindowsClientTargetPlatform
[2019.02.14-02.59.42:527][  0]LogTemp: Display: Loaded TP WindowsNoEditorTargetPlatform
[2019.02.14-02.59.42:540][  0]LogTemp: Display: Loaded TP WindowsServerTargetPlatform
[2019.02.14-02.59.42:547][  0]LogTemp: Display: Loaded TP WindowsTargetPlatform
[2019.02.14-02.59.42:613][  0]LogTemp: Display: Loaded TP AndroidTargetPlatform
[2019.02.14-02.59.42:613][  0]LogTemp: Display: Loaded TP AndroidTargetPlatform
[2019.02.14-02.59.42:613][  0]LogTemp: Display: Loaded TP AndroidTargetPlatform
[2019.02.14-02.59.42:613][  0]LogTemp: Display: Loaded TP AndroidTargetPlatform
[2019.02.14-02.59.42:613][  0]LogTemp: Display: Loaded TP AndroidTargetPlatform
[2019.02.14-02.59.42:613][  0]LogTemp: Display: Loaded TP AndroidTargetPlatform
[2019.02.14-02.59.42:613][  0]LogTemp: Display: Loaded TP AndroidTargetPlatform
[2019.02.14-02.59.42:613][  0]LogTemp: Display: Loaded TP AndroidTargetPlatform
[2019.02.14-02.59.42:613][  0]LogTemp: Display: Loaded TP AndroidTargetPlatform
[2019.02.14-02.59.42:613][  0]LogTemp: Display: Loaded TP AndroidTargetPlatform
[2019.02.14-02.59.42:613][  0]LogTemp: Display: Loaded TP AndroidTargetPlatform
[2019.02.14-02.59.42:613][  0]LogTemp: Display: Loaded TP AndroidTargetPlatform
[2019.02.14-02.59.42:613][  0]LogTemp: Display: Loaded TP AndroidTargetPlatform
[2019.02.14-02.59.42:613][  0]LogTemp: Display: Loaded TP AndroidTargetPlatform
[2019.02.14-02.59.42:613][  0]LogTemp: Display: Loaded TP AndroidTargetPlatform
[2019.02.14-02.59.42:613][  0]LogTemp: Display: Loaded TP AndroidTargetPlatform
[2019.02.14-02.59.42:613][  0]LogTemp: Display: Loaded TP AndroidTargetPlatform
[2019.02.14-02.59.42:613][  0]LogTemp: Display: Loaded TP AndroidTargetPlatform
[2019.02.14-02.59.42:616][  0]LogTemp: Display: Loaded TP HTML5TargetPlatform
[2019.02.14-02.59.42:682][  0]LogTemp: Display: Loaded TP IOSTargetPlatform
[2019.02.14-02.59.42:682][  0]LogTemp: Display: Loaded TP IOSTargetPlatform
[2019.02.14-02.59.42:748][  0]LogTemp: Display: Loaded TP TVOSTargetPlatform
[2019.02.14-02.59.42:748][  0]LogTemp: Display: Loaded TP TVOSTargetPlatform
[2019.02.14-02.59.42:770][  0]LogTemp: Display: Loaded TP LinuxClientTargetPlatform
[2019.02.14-02.59.42:793][  0]LogTemp: Display: Loaded TP LinuxNoEditorTargetPlatform
[2019.02.14-02.59.42:806][  0]LogTemp: Display: Loaded TP LinuxServerTargetPlatform
[2019.02.14-02.59.42:825][  0]LogTemp: Display: Loaded TP LinuxTargetPlatform
[2019.02.14-02.59.42:867][  0]LogTemp: Display: Loaded TP LuminTargetPlatform
[2019.02.14-02.59.42:867][  0]LogTemp: Display: Loaded TP LuminTargetPlatform
[2019.02.14-02.59.42:867][  0]LogTargetPlatformManager: Display: Building Assets For Windows
[2019.02.14-02.59.42:971][  0]LogShaderCompilers: Guid format shader working directory is -9 characters bigger than the processId version (E:/Senior 2nd QTR/ITGM 425/SourceTree/Greybox_tutorial/Intermediate/Shaders/WorkingDirectory/6412/).
[2019.02.14-02.59.42:971][  0]LogShaderCompilers: Cleaned the shader compiler working directory 'C:/Users/Kris/AppData/Local/Temp/UnrealShaderWorkingDir/B05977A04A7D3D078B7BABB46884FE7F/'.
[2019.02.14-02.59.42:973][  0]LogXGEController: Cleaning working directory: C:/Users/Kris/AppData/Local/Temp/UnrealXGEWorkingDir/
[2019.02.14-02.59.42:974][  0]LogXGEController: Cannot use XGE Controller as Incredibuild is not installed on this machine.
[2019.02.14-02.59.42:974][  0]LogShaderCompilers: Cannot use XGE Shader Compiler as Incredibuild is not installed on this machine.
[2019.02.14-02.59.42:974][  0]LogShaderCompilers: Display: Using Local Shader Compiler.
[2019.02.14-02.59.44:434][  0]LogDerivedDataCache: Display: Max Cache Size: 512 MB
[2019.02.14-02.59.44:694][  0]LogDerivedDataCache: Loaded boot cache 0.26s 71MB C:/Users/Kris/AppData/Local/UnrealEngine/4.21/DerivedDataCache/Boot.ddc.
[2019.02.14-02.59.44:694][  0]LogDerivedDataCache: Display: Loaded Boot cache: C:/Users/Kris/AppData/Local/UnrealEngine/4.21/DerivedDataCache/Boot.ddc
[2019.02.14-02.59.44:695][  0]LogDerivedDataCache: FDerivedDataBackendGraph:  Pak pak cache file E:/Senior 2nd QTR/ITGM 425/SourceTree/Greybox_tutorial/DerivedDataCache/DDC.ddp not found, will not use a pak cache.
[2019.02.14-02.59.44:695][  0]LogDerivedDataCache: Unable to find inner node Pak for hierarchical cache Hierarchy.
[2019.02.14-02.59.44:695][  0]LogDerivedDataCache: FDerivedDataBackendGraph:  CompressedPak pak cache file E:/Senior 2nd QTR/ITGM 425/SourceTree/Greybox_tutorial/DerivedDataCache/Compressed.ddp not found, will not use a pak cache.
[2019.02.14-02.59.44:695][  0]LogDerivedDataCache: Unable to find inner node CompressedPak for hierarchical cache Hierarchy.
[2019.02.14-02.59.44:757][  0]LogDerivedDataCache: Display: Pak cache opened for reading ../../../Engine/DerivedDataCache/Compressed.ddp.
[2019.02.14-02.59.44:757][  0]LogDerivedDataCache: FDerivedDataBackendGraph:  EnterprisePak pak cache file ../../../Enterprise/DerivedDataCache/Compressed.ddp not found, will not use a pak cache.
[2019.02.14-02.59.44:757][  0]LogDerivedDataCache: Unable to find inner node EnterprisePak for hierarchical cache Hierarchy.
[2019.02.14-02.59.44:770][  0]LogDerivedDataCache: Using Local data cache path C:/Users/Kris/AppData/Local/UnrealEngine/Common/DerivedDataCache: Writable
[2019.02.14-02.59.44:770][  0]LogDerivedDataCache: Shared data cache path not found in *engine.ini, will not use an Shared cache.
[2019.02.14-02.59.44:770][  0]LogDerivedDataCache: Unable to find inner node Shared for hierarchical cache Hierarchy.
[2019.02.14-02.59.44:808][  0]LogMaterial: Verifying Global Shaders for PCD3D_SM5
[2019.02.14-02.59.44:814][  0]LogSlate: Using FreeType 2.6.0
[2019.02.14-02.59.44:828][  0]LogSlate: SlateFontServices - WITH_FREETYPE: 1, WITH_HARFBUZZ: 1
[2019.02.14-02.59.45:106][  0]LogAssetRegistry: FAssetRegistry took 0.0356 seconds to start up
[2019.02.14-02.59.45:505][  0]LogInit: Selected Device Profile: [Windows]
[2019.02.14-02.59.45:763][  0]LogSimplygon: Simplygon DLL not present - disabling.
[2019.02.14-02.59.45:777][  0]LogMeshReduction: Using SimplygonSwarm for distributed automatic mesh merging
[2019.02.14-02.59.45:778][  0]LogMeshReduction: Using ProxyLODMeshReduction for automatic mesh merging
[2019.02.14-02.59.45:778][  0]LogMeshReduction: Using QuadricMeshReduction for automatic static mesh reduction
[2019.02.14-02.59.45:778][  0]LogMeshReduction: No automatic skeletal mesh reduction module available
[2019.02.14-02.59.45:828][  0]LogNetVersion: Greybox_tutorial 1.0.0, NetCL: 4541578, EngineNetVer: 5, GameNetVer: 0 (Checksum: 85443388)
[2019.02.14-02.59.46:831][  0]LogPackageLocalizationCache: Processed 11 localized package path(s) for 2 prioritized culture(s) in 0.127454 seconds
[2019.02.14-02.59.46:837][  0]LogUObjectArray: 39775 objects as part of root set at end of initial load.
[2019.02.14-02.59.46:837][  0]LogUObjectAllocator: 6914656 out of 0 bytes used by permanent object pool.
[2019.02.14-02.59.46:837][  0]LogUObjectArray: CloseDisregardForGC: 0/0 objects in disregard for GC pool
[2019.02.14-02.59.49:534][  0]LogTcpMessaging: Initializing TcpMessaging bridge
[2019.02.14-02.59.49:551][  0]LogUdpMessaging: Initializing bridge on interface 0.0.0.0:0 to multicast group 230.0.0.1:6666.
[2019.02.14-02.59.50:287][  0]SourceControl: Source control is disabled
[2019.02.14-02.59.50:287][  0]SourceControl: Source control is disabled
[2019.02.14-02.59.50:296][  0]SourceControl: Source control is disabled
[2019.02.14-02.59.50:299][  0]SourceControl: Source control is disabled
[2019.02.14-02.59.50:565][  0]LogAndroidPermission: UAndroidPermissionCallbackProxy::GetInstance
[2019.02.14-02.59.50:673][  0]LogOcInput: OculusInput pre-init called
[2019.02.14-02.59.50:849][  0]LogEngine: Initializing Engine...
[2019.02.14-02.59.50:850][  0]LogHMD: Failed to initialize OpenVR with code 110
[2019.02.14-02.59.50:852][  0]LogStats: UGameplayTagsManager::ConstructGameplayTagTree: ImportINI prefixes -  0.000 s
[2019.02.14-02.59.50:852][  0]LogStats: UGameplayTagsManager::ConstructGameplayTagTree: Construct from data asset -  0.000 s
[2019.02.14-02.59.50:853][  0]LogStats: UGameplayTagsManager::ConstructGameplayTagTree: ImportINI -  0.000 s
[2019.02.14-02.59.50:853][  0]LogStats: UGameplayTagsManager::ConstructGameplayTagTree: GameplayTagTreeChangedEvent.Broadcast -  0.000 s
[2019.02.14-02.59.51:060][  0]LogInit: Initializing FReadOnlyCVARCache
[2019.02.14-02.59.51:090][  0]LogAIModule: Creating AISystem for world Untitled
[2019.02.14-02.59.51:113][  0]LogInit: XAudio2 using 'Headphones (Jayfi X1 Stereo)' : 2 channels at 44.1 kHz using 16 bits per sample (channel mask 0x3)
[2019.02.14-02.59.51:124][  0]LogInit: FAudioDevice initialized.
[2019.02.14-02.59.51:124][  0]LogNetVersion: Set ProjectVersion to 1.0.0.0. Version Checksum will be recalculated on next use.
[2019.02.14-02.59.51:193][  0]LogDerivedDataCache: Saved boot cache 0.07s 71MB C:/Users/Kris/AppData/Local/UnrealEngine/4.21/DerivedDataCache/Boot.ddc.
[2019.02.14-02.59.51:205][  0]LogInit: Texture streaming: Enabled
[2019.02.14-02.59.51:225][  0]LogEngineSessionManager: EngineSessionManager initialized
[2019.02.14-02.59.51:244][  0]LogInit: Transaction tracking system initialized
[2019.02.14-02.59.51:287][  0]BlueprintLog: New page: Editor Load
[2019.02.14-02.59.51:443][  0]LocalizationService: Localization service is disabled
[2019.02.14-02.59.51:963][  0]LogCook: Display: Max memory allowance for cook 16384mb min free memory 0mb
[2019.02.14-02.59.51:964][  0]LogCook: Display: Mobile HDR setting 1
[2019.02.14-02.59.51:964][  0]LogGameplayTags: Display: UGameplayTagsManager::DoneAddingNativeTags. DelegateIsBound: 0
[2019.02.14-02.59.51:964][  0]LogStats: UGameplayTagsManager::ConstructGameplayTagTree: ImportINI prefixes -  0.000 s
[2019.02.14-02.59.51:964][  0]LogStats: UGameplayTagsManager::ConstructGameplayTagTree: Construct from data asset -  0.000 s
[2019.02.14-02.59.51:964][  0]LogStats: UGameplayTagsManager::ConstructGameplayTagTree: ImportINI -  0.000 s
[2019.02.14-02.59.51:964][  0]LogStats: UGameplayTagsManager::ConstructGameplayTagTree: GameplayTagTreeChangedEvent.Broadcast -  0.000 s
[2019.02.14-02.59.52:182][  0]LogFileCache: Scanning file cache for directory 'E:/Senior 2nd QTR/ITGM 425/SourceTree/Greybox_tutorial/Content/' took 0.03s
[2019.02.14-02.59.52:182][  0]SourceControl: Source control is disabled
[2019.02.14-02.59.52:183][  0]Cmd: MAP LOAD FILE="E:/Senior 2nd QTR/ITGM 425/SourceTree/Greybox_tutorial/Content/ThirdPersonBP/Maps/ThirdPersonExampleMap.umap" TEMPLATE=0 SHOWPROGRESS=1 FEATURELEVEL=3
[2019.02.14-02.59.52:183][  0]LogEditorServer: Warning: Can't find file 'E:/Senior 2nd QTR/ITGM 425/SourceTree/Greybox_tutorial/Content/ThirdPersonBP/Maps/ThirdPersonExampleMap.umap'
[2019.02.14-02.59.52:183][  0]Cmd: MAP CHECKDEP NOCLEARLOG
[2019.02.14-02.59.52:184][  0]MapCheck: Map check complete: 0 Error(s), 0 Warning(s), took 0.469ms to complete.
[2019.02.14-02.59.52:184][  0]LogFileHelpers: Loading map 'ThirdPersonExampleMap' took 0.001
[2019.02.14-02.59.52:320][  0]LogSlate: Updating window title bar state: overlay mode, drag disabled, window buttons hidden, title bar hidden
[2019.02.14-02.59.52:326][  0]LogSlate: Updating window title bar state: overlay mode, drag disabled, window buttons hidden, title bar hidden
[2019.02.14-02.59.52:334][  0]LogSlate: Updating window title bar state: overlay mode, drag disabled, window buttons hidden, title bar hidden
[2019.02.14-02.59.52:341][  0]LogSlate: Updating window title bar state: overlay mode, drag disabled, window buttons hidden, title bar hidden
[2019.02.14-02.59.52:356][  0]LogCollectionManager: Loaded 0 collections in 0.001138 seconds
[2019.02.14-02.59.52:393][  0]LogFileCache: Scanning file cache for directory 'E:/Senior 2nd QTR/ITGM 425/SourceTree/Greybox_tutorial/Saved/Collections/' took 0.01s
[2019.02.14-02.59.52:393][  0]LogFileCache: Scanning file cache for directory 'E:/Senior 2nd QTR/ITGM 425/SourceTree/Greybox_tutorial/Content/Developers/Kris/Collections/' took 0.01s
[2019.02.14-02.59.52:393][  0]LogFileCache: Scanning file cache for directory 'E:/Senior 2nd QTR/ITGM 425/SourceTree/Greybox_tutorial/Content/Collections/' took 0.00s
[2019.02.14-02.59.52:393][  0]LogCollectionManager: Rebuilt the GUID cache for 0 collections in 0.000001 seconds
[2019.02.14-02.59.52:402][  0]LogContentBrowser: Native class hierarchy populated in 0.0081 seconds. Added 2651 classes and 620 folders.
[2019.02.14-02.59.52:413][  0]LogContentBrowser: Native class hierarchy updated for 'WidgetCarousel' in 0.0002 seconds. Added 0 classes and 0 folders.
[2019.02.14-02.59.52:421][  0]LogPakFile: Registered encryption key '00000000000000000000000000000000': 0 pak files mounted, 0 remain pending
[2019.02.14-02.59.52:429][  0]LogPakFile: Registered encryption key '00000000000000000000000000000000': 0 pak files mounted, 0 remain pending
[2019.02.14-02.59.52:453][  0]LogPakFile: Registered encryption key '00000000000000000000000000000000': 0 pak files mounted, 0 remain pending
[2019.02.14-02.59.52:458][  0]LogPakFile: Registered encryption key '00000000000000000000000000000000': 0 pak files mounted, 0 remain pending
[2019.02.14-02.59.52:463][  0]LogPakFile: Registered encryption key '00000000000000000000000000000000': 0 pak files mounted, 0 remain pending
[2019.02.14-02.59.52:468][  0]LogPakFile: Registered encryption key '00000000000000000000000000000000': 0 pak files mounted, 0 remain pending
[2019.02.14-02.59.52:473][  0]LogPakFile: Registered encryption key '00000000000000000000000000000000': 0 pak files mounted, 0 remain pending
[2019.02.14-02.59.52:477][  0]LogPakFile: Registered encryption key '00000000000000000000000000000000': 0 pak files mounted, 0 remain pending
[2019.02.14-02.59.52:483][  0]LogPakFile: Registered encryption key '00000000000000000000000000000000': 0 pak files mounted, 0 remain pending
[2019.02.14-02.59.52:489][  0]LogPakFile: Registered encryption key '00000000000000000000000000000000': 0 pak files mounted, 0 remain pending
[2019.02.14-02.59.52:494][  0]LogPakFile: Registered encryption key '00000000000000000000000000000000': 0 pak files mounted, 0 remain pending
[2019.02.14-02.59.52:500][  0]LogPakFile: Registered encryption key '00000000000000000000000000000000': 0 pak files mounted, 0 remain pending
[2019.02.14-02.59.52:507][  0]LogPakFile: Registered encryption key '00000000000000000000000000000000': 0 pak files mounted, 0 remain pending
[2019.02.14-02.59.52:516][  0]LogPakFile: Registered encryption key '00000000000000000000000000000000': 0 pak files mounted, 0 remain pending
[2019.02.14-02.59.52:524][  0]LogPakFile: Registered encryption key '00000000000000000000000000000000': 0 pak files mounted, 0 remain pending
[2019.02.14-02.59.52:530][  0]LogPakFile: Registered encryption key '00000000000000000000000000000000': 0 pak files mounted, 0 remain pending
[2019.02.14-02.59.52:563][  0]LogPakFile: Registered encryption key '00000000000000000000000000000000': 0 pak files mounted, 0 remain pending
[2019.02.14-02.59.52:568][  0]LogPakFile: Registered encryption key '00000000000000000000000000000000': 0 pak files mounted, 0 remain pending
[2019.02.14-02.59.52:574][  0]LogPakFile: Registered encryption key '00000000000000000000000000000000': 0 pak files mounted, 0 remain pending
[2019.02.14-02.59.52:579][  0]LogPakFile: Registered encryption key '00000000000000000000000000000000': 0 pak files mounted, 0 remain pending
[2019.02.14-02.59.52:622][  0]LogPakFile: Registered encryption key '00000000000000000000000000000000': 0 pak files mounted, 0 remain pending
[2019.02.14-02.59.52:627][  0]LogPakFile: Registered encryption key '00000000000000000000000000000000': 0 pak files mounted, 0 remain pending
[2019.02.14-02.59.52:633][  0]LogPakFile: Registered encryption key '00000000000000000000000000000000': 0 pak files mounted, 0 remain pending
[2019.02.14-02.59.52:639][  0]LogPakFile: Registered encryption key '00000000000000000000000000000000': 0 pak files mounted, 0 remain pending
[2019.02.14-02.59.52:644][  0]LogPakFile: Registered encryption key '00000000000000000000000000000000': 0 pak files mounted, 0 remain pending
[2019.02.14-02.59.52:649][  0]LogPakFile: Registered encryption key '00000000000000000000000000000000': 0 pak files mounted, 0 remain pending
[2019.02.14-02.59.52:772][  0]LogContentBrowser: Native class hierarchy updated for 'AddContentDialog' in 0.0003 seconds. Added 0 classes and 0 folders.
[2019.02.14-02.59.52:782][  0]LogContentBrowser: Native class hierarchy updated for 'SceneOutliner' in 0.0004 seconds. Added 1 classes and 2 folders.
[2019.02.14-02.59.52:898][  0]LogSlate: Took 0.005908 seconds to synchronously load lazily loaded font '../../../Engine/Content/Slate/Fonts/Roboto-Regular.ttf' (155K)
[2019.02.14-02.59.52:904][  0]LogSlate: Took 0.004312 seconds to synchronously load lazily loaded font '../../../Engine/Content/Slate/Fonts/Roboto-Bold.ttf' (160K)
[2019.02.14-02.59.52:914][  0]LogSlate: Took 0.004788 seconds to synchronously load lazily loaded font '../../../Engine/Content/Editor/Slate/Fonts/FontAwesome.ttf' (139K)
[2019.02.14-02.59.53:010][  0]LogRenderer: Reallocating scene render targets to support 824x568 Format 10 NumSamples 1 (Frame:1).
[2019.02.14-02.59.53:125][  0]LogContentBrowser: Native class hierarchy updated for 'HierarchicalLODOutliner' in 0.0002 seconds. Added 0 classes and 0 folders.
[2019.02.14-02.59.53:125][  0]LogLoad: (Engine Initialization) Total time: 16.48 seconds
[2019.02.14-02.59.53:125][  0]LogLoad: (Engine Initialization) Total Blueprint compile time: 0.00 seconds
[2019.02.14-02.59.53:180][  0]LogAssetRegistry: Asset discovery search completed in 8.0969 seconds
[2019.02.14-02.59.53:182][  0]LogCollectionManager: Rebuilt the object cache for 0 collections in 0.000000 seconds (found 0 objects)
[2019.02.14-02.59.53:182][  0]LogCollectionManager: Fixed up redirectors for 0 collections in 0.000056 seconds (updated 0 objects)
[2019.02.14-02.59.53:186][  0]LogContentStreaming: Texture pool size now 1000 MB
[2019.02.14-02.59.53:219][  0]LogSlate: Took 0.004907 seconds to synchronously load lazily loaded font '../../../Engine/Content/Slate/Fonts/Roboto-Light.ttf' (167K)
[2019.02.14-02.59.54:480][  4]LogSlate: Took 0.000204 seconds to synchronously load lazily loaded font '../../../Engine/Content/Slate/Fonts/Roboto-Light.ttf' (167K)
[2019.02.14-03.00.21:441][302]LogSlate: FSceneViewport::OnFocusLost() reason 0
[2019.02.14-03.00.22:715][455]LogSlate: FSceneViewport::OnFocusLost() reason 0
[2019.02.14-03.00.27:200][840]LogLinker: Warning: Can't find file '/Game/Materials/lambert3'
[2019.02.14-03.00.27:201][840]LogLinker: Warning: Can't find file for asset '/Game/Materials/lambert3' while loading E:/Senior 2nd QTR/ITGM 425/SourceTree/Greybox_tutorial/Content/Models/Environment/Structural/SM_Wall_BeautifulCorner_2.uasset.
[2019.02.14-03.00.27:201][840]LoadErrors: Error: /Game/Models/Environment/Structural/SM_Wall_BeautifulCorner_2 : Can't find file for asset. /Game/Materials/lambert3
[2019.02.14-03.00.27:213][840]LogLinker: Warning: Can't find file '/Game/Materials/lambert3'
[2019.02.14-03.00.27:213][840]LogLinker: Warning: Can't find file for asset '/Game/Materials/lambert3' while loading E:/Senior 2nd QTR/ITGM 425/SourceTree/Greybox_tutorial/Content/Models/Environment/Structural/SM_Wall_BeautifulCorner_2.uasset.
[2019.02.14-03.00.27:316][840]LogTexture: Display: Building textures: M_DropShadowAlpha (AutoDXT, 512X512)
[2019.02.14-03.00.27:317][840]LogTexture: Display: Building textures: M_DropShadow (AutoDXT, 512X512)
[2019.02.14-03.00.27:317][840]LogLinker: Warning: Can't find file '/Game/Materials/lambert3'
[2019.02.14-03.00.27:317][840]LoadErrors: Failed to load /Game/Materials/lambert3.lambert3 Referenced by SM_Wall_BeautifulCorner_2
[2019.02.14-03.00.27:317][840]LogLinker: Warning: Can't find file for asset '/Game/Materials/lambert3' while loading NULL.
[2019.02.14-03.00.27:317][840]LogLinker: Warning: Can't find file '/Game/Materials/lambert3'
[2019.02.14-03.00.27:317][840]LogLinker: Warning: Can't find file for asset '/Game/Materials/lambert3' while loading NULL.
[2019.02.14-03.00.27:428][840]LogTexture: Display: Building textures: Grass (AutoDXT, 1024X1024)
[2019.02.14-03.00.27:428][840]LogTexture: Display: Building textures: FemaleUV_02 (AutoDXT, 512X512)
[2019.02.14-03.00.27:428][840]LogTexture: Display: Building textures: FemaleUV_04 (AutoDXT, 512X512)
[2019.02.14-03.00.27:645][840]LogTexture: Display: Building textures: Bush_0 (AutoDXT, 512X512)
[2019.02.14-03.00.27:645][840]LogTexture: Display: Building textures: HQ_Lightmap0_3 (AutoDXT, 64X64)
[2019.02.14-03.00.27:645][840]LogTexture: Display: Building textures: HQ_Lightmap0_1 (AutoDXT, 1024X1024)
[2019.02.14-03.00.27:645][840]LogTexture: Display: Building textures: HQ_Lightmap0_2 (AutoDXT, 1024X1024)
[2019.02.14-03.00.27:645][840]LogTexture: Display: Building textures: LQ_Lightmap_0_1 (DXT1, 1024X1024)
[2019.02.14-03.00.27:645][840]LogTexture: Display: Building textures: LQ_Lightmap_0_3 (DXT1, 64X64)
[2019.02.14-03.00.27:756][840]LogTexture: Display: Building textures: LQ_Lightmap_0_2 (DXT1, 1024X1024)
[2019.02.14-03.00.27:756][840]LogTexture: Display: Building textures: ShadowMapTexture2D_2 (BGRA8, 1024X1024)
[2019.02.14-03.00.27:756][840]LogTexture: Display: Building textures: ShadowMapTexture2D_3 (G8, 32X32)
[2019.02.14-03.00.27:756][840]LogTexture: Display: Building textures: Floor_TileableTan (BGRA8, 512X512)
[2019.02.14-03.00.27:756][840]LogMaterial: Display: Missing cached shader map for material M_DropShadow_Mat, compiling. 
[2019.02.14-03.00.28:168][840]LogShaderCompilers: Display: Shaders left to compile 43
[2019.02.14-03.00.28:168][840]LogShaderCompilers: Display: Shaders left to compile 33
[2019.02.14-03.00.28:168][840]LogShaderCompilers: Display: Shaders left to compile 23
[2019.02.14-03.00.28:168][840]LogShaderCompilers: Display: Shaders left to compile 13
[2019.02.14-03.00.28:914][840]LogMaterial: Display: Missing cached shader map for material FemaleUV_03_Mat, compiling. 
[2019.02.14-03.00.29:204][840]LogMaterial: Display: Missing cached shader map for material FemaleUV_01_Mat, compiling. 
[2019.02.14-03.00.29:785][840]LogAIModule: Creating AISystem for world BeautifulCorner
[2019.02.14-03.00.29:818][840]LogAssetEditorManager: Opening Asset editor for World /Game/BeautifulCorner.BeautifulCorner
[2019.02.14-03.00.29:842][840]Cmd: MAP LOAD FILE="E:/Senior 2nd QTR/ITGM 425/SourceTree/Greybox_tutorial/Content/BeautifulCorner.umap" TEMPLATE=0 SHOWPROGRESS=1 FEATURELEVEL=3
[2019.02.14-03.00.29:842][840]LightingResults: New page: Lighting Build
[2019.02.14-03.00.29:847][840]LogContentBrowser: Native class hierarchy updated for 'StatsViewer' in 0.0003 seconds. Added 5 classes and 0 folders.
[2019.02.14-03.00.29:848][840]LoadErrors: New page: Loading map: BeautifulCorner.umap
[2019.02.14-03.00.29:849][840]MapCheck: New page: Map Check
[2019.02.14-03.00.29:849][840]LightingResults: New page: Lighting Build
[2019.02.14-03.00.29:969][840]LogEditorServer: Finished looking for orphan Actors (0.000 secs)
[2019.02.14-03.00.30:057][840]Cmd: MAP CHECKDEP NOCLEARLOG
[2019.02.14-03.00.30:059][840]MapCheck: Map check complete: 0 Error(s), 0 Warning(s), took 1.39ms to complete.
[2019.02.14-03.00.30:059][840]LogFileHelpers: Loading map 'BeautifulCorner' took 0.218
[2019.02.14-03.00.32:052][ 30]LogShaderCompilers: Display: Shaders left to compile 65
[2019.02.14-03.00.33:026][140]LogShaderCompilers: Display: Shaders left to compile 55
[2019.02.14-03.00.33:306][170]LogShaderCompilers: Display: Shaders left to compile 45
[2019.02.14-03.00.34:188][272]LogShaderCompilers: Display: Shaders left to compile 35
[2019.02.14-03.00.34:230][277]LogShaderCompilers: Display: Shaders left to compile 25
[2019.02.14-03.00.35:896][473]LogShaderCompilers: Display: Shaders left to compile 15
[2019.02.14-03.00.36:013][487]LogShaderCompilers: Display: Shaders left to compile 5
[2019.02.14-03.00.49:357][961]LogEditorViewport: Clicking on Actor (LMB): StaticMeshActor (Bush2)
[2019.02.14-03.00.50:379][ 72]LogSlate: FSceneViewport::OnFocusLost() reason 0
[2019.02.14-03.00.50:525][ 89]LogAssetEditorManager: Opening Asset editor for Material /Game/Materials/Textures/M_Bush.M_Bush
[2019.02.14-03.00.50:529][ 89]LogMaterial: Display: Missing cached shader map for material M_Bush, compiling. 
[2019.02.14-03.00.50:931][ 89]LogMaterial: Display: Missing cached shader map for material FMatExpressionPreview MaterialExpressionTextureSample_0, compiling. 
[2019.02.14-03.00.50:947][ 89]LogShaderCompilers: Display: Shaders left to compile 2
[2019.02.14-03.00.50:947][ 89]LogShaderCompilers: Display: Shaders left to compile 1
[2019.02.14-03.00.50:947][ 89]LogMaterial: Display: Missing cached shader map for material M_Bush, compiling. 
[2019.02.14-03.00.50:990][ 89]LogShaderCompilers: Display: Shaders left to compile 35
[2019.02.14-03.00.50:990][ 89]LogShaderCompilers: Display: Shaders left to compile 34
[2019.02.14-03.00.50:992][ 89]LogMaterial: Display: Missing cached shader map for material M_Bush, compiling. 
[2019.02.14-03.00.51:037][ 89]LogMaterial: Display: Missing cached shader map for material FMatExpressionPreview MaterialExpressionTextureSample_0, compiling. 
[2019.02.14-03.00.51:124][ 89]LogShaderCompilers: Display: Shaders left to compile 37
[2019.02.14-03.00.51:124][ 89]LogSlate: Took 0.005962 seconds to synchronously load lazily loaded font '../../../Engine/Content/Slate/Fonts/Roboto-BoldCondensed.ttf' (158K)
[2019.02.14-03.00.51:158][ 89]LogShaderCompilers: Display: Shaders left to compile 36
[2019.02.14-03.00.51:158][ 89]LogShaderCompilers: Display: Shaders left to compile 35
[2019.02.14-03.00.51:277][ 90]LogShaderCompilers: Display: Shaders left to compile 34
[2019.02.14-03.00.51:277][ 90]LogShaderCompilers: Display: Shaders left to compile 33
[2019.02.14-03.00.51:340][ 93]LogShaderCompilers: Display: Shaders left to compile 32
[2019.02.14-03.00.51:392][ 97]LogShaderCompilers: Display: Shaders left to compile 31
[2019.02.14-03.00.51:461][102]LogShaderCompilers: Display: Shaders left to compile 30
[2019.02.14-03.00.51:515][106]LogShaderCompilers: Display: Shaders left to compile 29
[2019.02.14-03.00.51:599][113]LogShaderCompilers: Display: Shaders left to compile 28
[2019.02.14-03.00.51:612][114]LogShaderCompilers: Display: Shaders left to compile 27
[2019.02.14-03.00.51:715][122]LogShaderCompilers: Display: Shaders left to compile 26
[2019.02.14-03.00.51:741][124]LogShaderCompilers: Display: Shaders left to compile 25
[2019.02.14-03.00.51:765][126]LogShaderCompilers: Display: Shaders left to compile 24
[2019.02.14-03.00.51:837][132]LogShaderCompilers: Display: Shaders left to compile 23
[2019.02.14-03.00.51:862][134]LogShaderCompilers: Display: Shaders left to compile 22
[2019.02.14-03.00.51:922][139]LogShaderCompilers: Display: Shaders left to compile 21
[2019.02.14-03.00.52:131][155]LogShaderCompilers: Display: Shaders left to compile 20
[2019.02.14-03.00.52:201][160]LogShaderCompilers: Display: Shaders left to compile 19
[2019.02.14-03.00.52:339][169]LogShaderCompilers: Display: Shaders left to compile 18
[2019.02.14-03.00.52:365][171]LogShaderCompilers: Display: Shaders left to compile 17
[2019.02.14-03.00.52:561][187]LogShaderCompilers: Display: Shaders left to compile 16
[2019.02.14-03.00.52:742][202]LogShaderCompilers: Display: Shaders left to compile 15
[2019.02.14-03.00.52:835][209]LogShaderCompilers: Display: Shaders left to compile 14
[2019.02.14-03.00.52:874][212]LogShaderCompilers: Display: Shaders left to compile 13
[2019.02.14-03.00.52:898][214]LogShaderCompilers: Display: Shaders left to compile 12
[2019.02.14-03.00.53:189][237]LogShaderCompilers: Display: Shaders left to compile 11
[2019.02.14-03.00.53:212][239]LogShaderCompilers: Display: Shaders left to compile 10
[2019.02.14-03.00.53:355][251]LogShaderCompilers: Display: Shaders left to compile 9
[2019.02.14-03.00.53:367][252]LogShaderCompilers: Display: Shaders left to compile 8
[2019.02.14-03.00.53:669][277]LogShaderCompilers: Display: Shaders left to compile 7
[2019.02.14-03.00.53:726][281]LogShaderCompilers: Display: Shaders left to compile 6
[2019.02.14-03.00.53:732][281]LogSlate: Window 'M_Bush' being destroyed
[2019.02.14-03.00.53:775][281]LogSlate: Window 'M_Bush' being destroyed
[2019.02.14-03.00.53:922][281]LogShaderCompilers: Display: Shaders left to compile 3
[2019.02.14-03.00.53:933][281]LogShaderCompilers: Display: Shaders left to compile 2
[2019.02.14-03.00.53:990][283]LogShaderCompilers: Display: Shaders left to compile 1
[2019.02.14-03.00.55:571][434]LogEditorFactories: Performing atomic reimport of [E:/Senior 2nd QTR/ITGM 425/Models/Exported/environment/Bush.png]
[2019.02.14-03.00.55:572][434]LogFactory: FactoryCreateFile: Texture2D with ReimportTextureFactory (0 0 E:/Senior 2nd QTR/ITGM 425/Models/Exported/environment/Bush.png)
[2019.02.14-03.00.55:581][434]LogTexture: Display: Building textures: Bush_0 (AutoDXT, 512X512)
[2019.02.14-03.00.55:637][434]LogEditorFactories: -- imported successfully
[2019.02.14-03.01.00:159][969]LogEditorViewport: Clicking on Actor (LMB): StaticMeshActor (Bush)
[2019.02.14-03.01.00:478][  3]Cmd: CAMERA ALIGN ACTIVEVIEWPORTONLY
[2019.02.14-03.01.26:041][ 59]LogEditorViewport: Clicking on Actor (LMB): StaticMeshActor (Floor)
[2019.02.14-03.01.26:805][146]LogSlate: FSceneViewport::OnFocusLost() reason 0
[2019.02.14-03.01.26:926][160]LogAssetEditorManager: Opening Asset editor for Material /Game/Materials/Textures/M_Grass.M_Grass
[2019.02.14-03.01.26:929][160]LogMaterial: Display: Missing cached shader map for material M_Grass, compiling. 
[2019.02.14-03.01.27:054][160]LogMaterial: Display: Missing cached shader map for material FMatExpressionPreview MaterialExpressionTextureSample_0, compiling. 
[2019.02.14-03.01.27:064][160]LogMaterial: Display: Missing cached shader map for material FMatExpressionPreview MaterialExpressionConstant3Vector_0, compiling. 
[2019.02.14-03.01.27:074][160]LogShaderCompilers: Display: Shaders left to compile 2
[2019.02.14-03.01.27:074][160]LogShaderCompilers: Display: Shaders left to compile 1
[2019.02.14-03.01.27:074][160]LogMaterial: Display: Missing cached shader map for material FMatExpressionPreview MaterialExpressionTextureSample_1, compiling. 
[2019.02.14-03.01.27:084][160]LogMaterial: Display: Missing cached shader map for material FMatExpressionPreview MaterialExpressionMultiply_2, compiling. 
[2019.02.14-03.01.27:095][160]LogShaderCompilers: Display: Shaders left to compile 6
[2019.02.14-03.01.27:095][160]LogShaderCompilers: Display: Shaders left to compile 5
[2019.02.14-03.01.27:095][160]LogMaterial: Display: Missing cached shader map for material FMatExpressionPreview MaterialExpressionConstant3Vector_1, compiling. 
[2019.02.14-03.01.27:106][160]LogMaterial: Display: Missing cached shader map for material M_Grass, compiling. 
[2019.02.14-03.01.27:128][160]LogMaterial: Display: Missing cached shader map for material M_Grass, compiling. 
[2019.02.14-03.01.27:169][160]LogMaterial: Display: Missing cached shader map for material FMatExpressionPreview MaterialExpressionTextureSample_0, compiling. 
[2019.02.14-03.01.27:173][160]LogMaterial: Display: Missing cached shader map for material FMatExpressionPreview MaterialExpressionConstant3Vector_0, compiling. 
[2019.02.14-03.01.27:178][160]LogMaterial: Display: Missing cached shader map for material FMatExpressionPreview MaterialExpressionTextureSample_1, compiling. 
[2019.02.14-03.01.27:182][160]LogMaterial: Display: Missing cached shader map for material FMatExpressionPreview MaterialExpressionMultiply_2, compiling. 
[2019.02.14-03.01.27:187][160]LogMaterial: Display: Missing cached shader map for material FMatExpressionPreview MaterialExpressionConstant3Vector_1, compiling. 
[2019.02.14-03.01.27:555][175]LogShaderCompilers: Display: Shaders left to compile 40
[2019.02.14-03.01.27:590][178]LogShaderCompilers: Display: Shaders left to compile 39
[2019.02.14-03.01.27:626][181]LogShaderCompilers: Display: Shaders left to compile 38
[2019.02.14-03.01.27:751][191]LogShaderCompilers: Display: Shaders left to compile 37
[2019.02.14-03.01.27:859][199]LogShaderCompilers: Display: Shaders left to compile 36
[2019.02.14-03.01.27:859][199]LogShaderCompilers: Display: Shaders left to compile 35
[2019.02.14-03.01.27:933][205]LogShaderCompilers: Display: Shaders left to compile 34
[2019.02.14-03.01.27:981][209]LogShaderCompilers: Display: Shaders left to compile 33
[2019.02.14-03.01.28:042][214]LogShaderCompilers: Display: Shaders left to compile 32
[2019.02.14-03.01.28:090][218]LogShaderCompilers: Display: Shaders left to compile 31
[2019.02.14-03.01.28:137][222]LogShaderCompilers: Display: Shaders left to compile 30
[2019.02.14-03.01.28:149][223]LogShaderCompilers: Display: Shaders left to compile 29
[2019.02.14-03.01.28:232][230]LogShaderCompilers: Display: Shaders left to compile 28
[2019.02.14-03.01.28:398][243]LogShaderCompilers: Display: Shaders left to compile 27
[2019.02.14-03.01.28:511][252]LogShaderCompilers: Display: Shaders left to compile 26
[2019.02.14-03.01.28:615][260]LogShaderCompilers: Display: Shaders left to compile 25
[2019.02.14-03.01.28:615][260]LogShaderCompilers: Display: Shaders left to compile 24
[2019.02.14-03.01.28:773][272]LogShaderCompilers: Display: Shaders left to compile 23
[2019.02.14-03.01.28:923][282]LogShaderCompilers: Display: Shaders left to compile 22
[2019.02.14-03.01.29:082][294]LogShaderCompilers: Display: Shaders left to compile 21
[2019.02.14-03.01.29:097][295]LogShaderCompilers: Display: Shaders left to compile 20
[2019.02.14-03.01.29:198][303]LogShaderCompilers: Display: Shaders left to compile 19
[2019.02.14-03.01.29:392][318]LogShaderCompilers: Display: Shaders left to compile 18
[2019.02.14-03.01.29:407][319]LogShaderCompilers: Display: Shaders left to compile 17
[2019.02.14-03.01.29:595][333]LogShaderCompilers: Display: Shaders left to compile 16
[2019.02.14-03.01.29:649][337]LogShaderCompilers: Display: Shaders left to compile 15
[2019.02.14-03.01.29:673][339]LogShaderCompilers: Display: Shaders left to compile 14
[2019.02.14-03.01.29:901][355]LogShaderCompilers: Display: Shaders left to compile 13
[2019.02.14-03.01.29:938][358]LogShaderCompilers: Display: Shaders left to compile 12
[2019.02.14-03.01.30:174][376]LogShaderCompilers: Display: Shaders left to compile 11
[2019.02.14-03.01.30:174][376]LogShaderCompilers: Display: Shaders left to compile 10
[2019.02.14-03.01.30:448][394]LogShaderCompilers: Display: Shaders left to compile 9
[2019.02.14-03.01.30:491][397]LogShaderCompilers: Display: Shaders left to compile 8
[2019.02.14-03.01.30:530][400]LogShaderCompilers: Display: Shaders left to compile 7
[2019.02.14-03.01.30:535][400]MaterialEditorStats: Base pass shader: 103 instructions
[2019.02.14-03.01.30:535][400]MaterialEditorStats: Base pass shader with Surface Lightmap: 115 instructions
[2019.02.14-03.01.30:535][400]MaterialEditorStats: Base pass shader with Volumetric Lightmap: 171 instructions
[2019.02.14-03.01.30:535][400]MaterialEditorStats: Base pass vertex shader: 36 instructions
[2019.02.14-03.01.30:535][400]MaterialEditorStats: Texture samplers: 4/16
[2019.02.14-03.01.30:535][400]MaterialEditorStats: Texture Lookups (Est.): VS(0), PS(2)
[2019.02.14-03.01.30:535][400]MaterialEditorStats: User interpolators: 2/4 Scalars (1/4 Vectors) (TexCoords: 2, Custom: 0)
[2019.02.14-03.01.30:594][404]LogShaderCompilers: Display: Shaders left to compile 6
[2019.02.14-03.01.30:725][413]LogShaderCompilers: Display: Shaders left to compile 5
[2019.02.14-03.01.30:786][417]LogShaderCompilers: Display: Shaders left to compile 4
[2019.02.14-03.01.30:849][422]LogShaderCompilers: Display: Shaders left to compile 3
[2019.02.14-03.01.30:949][428]LogShaderCompilers: Display: Shaders left to compile 2
[2019.02.14-03.01.30:962][429]LogShaderCompilers: Display: Shaders left to compile 1
[2019.02.14-03.01.31:840][513]LogEditorFactories: Performing atomic reimport of [E:/Senior 2nd QTR/ITGM 425/pngs/Grass.png]
[2019.02.14-03.01.31:842][513]LogFactory: FactoryCreateFile: Texture2D with ReimportTextureFactory (0 0 E:/Senior 2nd QTR/ITGM 425/pngs/Grass.png)
[2019.02.14-03.01.31:855][513]LogTexture: Display: Building textures: Grass (AutoDXT, 1024X1024)
[2019.02.14-03.01.31:919][513]LogEditorFactories: -- imported successfully
[2019.02.14-03.01.43:077][  9]LogSlate: FSceneViewport::OnFocusLost() reason 0
[2019.02.14-03.01.44:501][135]LogEditorFactories: Performing atomic reimport of [E:/Senior 2nd QTR/ITGM 425/pngs/Grass.png]
[2019.02.14-03.01.44:503][135]LogFactory: FactoryCreateFile: Texture2D with ReimportTextureFactory (0 0 E:/Senior 2nd QTR/ITGM 425/pngs/Grass.png)
[2019.02.14-03.01.44:516][135]LogTexture: Display: Building textures: Grass (AutoDXT, 1024X1024)
[2019.02.14-03.01.44:571][135]LogEditorFactories: -- imported successfully
[2019.02.14-03.02.55:368][237]LogSlate: FSceneViewport::OnFocusLost() reason 0
[2019.02.14-03.02.56:374][313]LogEditorViewport: Clicking on Actor (LMB): StaticMeshActor (Fence_Outdoor5)
[2019.02.14-03.02.56:621][338]Cmd: CAMERA ALIGN ACTIVEVIEWPORTONLY
[2019.02.14-03.03.17:914][772]LogEditorViewport: Clicking on Actor (LMB): StaticMeshActor (Plane29)
[2019.02.14-03.03.18:113][791]Cmd: CAMERA ALIGN ACTIVEVIEWPORTONLY
[2019.02.14-03.03.34:347][646]LogEditorViewport: Clicking on Actor (LMB): StaticMeshActor (Plane29)
[2019.02.14-03.03.36:795][930]LogSlate: FSceneViewport::OnFocusLost() reason 0
[2019.02.14-03.03.36:879][940]LogSlate: Window 'M_Grass' being destroyed
[2019.02.14-03.03.36:882][940]LogSlate: Window 'M_Grass' being destroyed
[2019.02.14-03.03.37:978][ 52]LogAssetEditorManager: Opening Asset editor for Material /Game/Materials/Textures/M_DropShadow_Mat.M_DropShadow_Mat
[2019.02.14-03.03.37:981][ 52]LogMaterial: Display: Missing cached shader map for material M_DropShadow_Mat, compiling. 
[2019.02.14-03.03.38:121][ 52]LogMaterial: Display: Missing cached shader map for material FMatExpressionPreview MaterialExpressionTextureSample_0, compiling. 
[2019.02.14-03.03.38:127][ 52]LogMaterial: Display: Missing cached shader map for material FMatExpressionPreview MaterialExpressionTextureSample_1, compiling. 
[2019.02.14-03.03.38:132][ 52]LogShaderCompilers: Display: Shaders left to compile 4
[2019.02.14-03.03.38:132][ 52]LogShaderCompilers: Display: Shaders left to compile 3
[2019.02.14-03.03.38:132][ 52]LogShaderCompilers: Display: Shaders left to compile 2
[2019.02.14-03.03.38:132][ 52]LogShaderCompilers: Display: Shaders left to compile 1
[2019.02.14-03.03.38:132][ 52]LogMaterial: Display: Missing cached shader map for material M_DropShadow_Mat, compiling. 
[2019.02.14-03.03.38:156][ 52]LogMaterial: Display: Missing cached shader map for material M_DropShadow_Mat, compiling. 
[2019.02.14-03.03.38:218][ 52]LogMaterial: Display: Missing cached shader map for material FMatExpressionPreview MaterialExpressionTextureSample_0, compiling. 
[2019.02.14-03.03.38:225][ 52]LogMaterial: Display: Missing cached shader map for material FMatExpressionPreview MaterialExpressionTextureSample_1, compiling. 
[2019.02.14-03.03.38:562][ 68]LogShaderCompilers: Display: Shaders left to compile 46
[2019.02.14-03.03.38:674][ 77]LogShaderCompilers: Display: Shaders left to compile 45
[2019.02.14-03.03.38:734][ 80]LogShaderCompilers: Display: Shaders left to compile 44
[2019.02.14-03.03.38:750][ 82]LogShaderCompilers: Display: Shaders left to compile 43
[2019.02.14-03.03.38:798][ 86]LogShaderCompilers: Display: Shaders left to compile 42
[2019.02.14-03.03.38:873][ 92]LogShaderCompilers: Display: Shaders left to compile 41
[2019.02.14-03.03.38:961][ 99]LogShaderCompilers: Display: Shaders left to compile 40
[2019.02.14-03.03.38:973][100]LogShaderCompilers: Display: Shaders left to compile 39
[2019.02.14-03.03.38:985][101]LogShaderCompilers: Display: Shaders left to compile 38
[2019.02.14-03.03.39:086][110]LogShaderCompilers: Display: Shaders left to compile 37
[2019.02.14-03.03.39:475][141]LogShaderCompilers: Display: Shaders left to compile 36
[2019.02.14-03.03.39:489][142]LogShaderCompilers: Display: Shaders left to compile 35
[2019.02.14-03.03.39:500][143]LogShaderCompilers: Display: Shaders left to compile 34
[2019.02.14-03.03.39:920][175]LogShaderCompilers: Display: Shaders left to compile 33
[2019.02.14-03.03.40:030][184]LogShaderCompilers: Display: Shaders left to compile 32
[2019.02.14-03.03.40:080][188]LogShaderCompilers: Display: Shaders left to compile 31
[2019.02.14-03.03.40:235][201]LogShaderCompilers: Display: Shaders left to compile 30
[2019.02.14-03.03.40:346][210]LogShaderCompilers: Display: Shaders left to compile 29
[2019.02.14-03.03.40:591][229]LogShaderCompilers: Display: Shaders left to compile 28
[2019.02.14-03.03.40:664][235]LogShaderCompilers: Display: Shaders left to compile 27
[2019.02.14-03.03.40:664][235]LogShaderCompilers: Display: Shaders left to compile 26
[2019.02.14-03.03.40:743][242]LogMaterial: Display: Missing cached shader map for material M_DropShadow_Mat, compiling. 
[2019.02.14-03.03.40:779][242]LogMaterial: Display: Missing cached shader map for material M_DropShadow_Mat, compiling. 
[2019.02.14-03.03.40:841][242]LogMaterial: Display: Missing cached shader map for material FMatExpressionPreview MaterialExpressionTextureSample_0, compiling. 
[2019.02.14-03.03.40:848][242]LogMaterial: Display: Missing cached shader map for material FMatExpressionPreview MaterialExpressionTextureSample_1, compiling. 
[2019.02.14-03.03.40:856][242]LogMaterial: Display: Missing cached shader map for material M_DropShadow_Mat, compiling. 
[2019.02.14-03.03.40:943][244]LogShaderCompilers: Display: Shaders left to compile 48
[2019.02.14-03.03.40:977][247]LogShaderCompilers: Display: Shaders left to compile 47
[2019.02.14-03.03.41:172][263]LogShaderCompilers: Display: Shaders left to compile 46
[2019.02.14-03.03.41:221][266]LogShaderCompilers: Display: Shaders left to compile 45
[2019.02.14-03.03.41:304][274]LogShaderCompilers: Display: Shaders left to compile 44
[2019.02.14-03.03.41:432][284]LogMaterialEditor: Applying material M_DropShadow_Mat
[2019.02.14-03.03.41:878][284]LogShaderCompilers: Display: Shaders left to compile 43
[2019.02.14-03.03.41:879][284]LogShaderCompilers: Display: Shaders left to compile 42
[2019.02.14-03.03.41:879][284]LogShaderCompilers: Display: Shaders left to compile 41
[2019.02.14-03.03.41:879][284]LogShaderCompilers: Display: Shaders left to compile 40
[2019.02.14-03.03.41:879][284]LogShaderCompilers: Display: Shaders left to compile 39
[2019.02.14-03.03.41:879][284]LogShaderCompilers: Display: Shaders left to compile 38
[2019.02.14-03.03.41:879][284]LogShaderCompilers: Display: Shaders left to compile 37
[2019.02.14-03.03.41:879][284]LogShaderCompilers: Display: Shaders left to compile 36
[2019.02.14-03.03.41:902][284]LogMaterial: Display: Missing cached shader map for material M_DropShadow_Mat, compiling. 
[2019.02.14-03.03.42:013][284]LogShaderCompilers: Display: Shaders left to compile 44
[2019.02.14-03.03.42:013][284]LogShaderCompilers: Display: Shaders left to compile 43
[2019.02.14-03.03.42:013][284]LogShaderCompilers: Display: Shaders left to compile 42
[2019.02.14-03.03.42:031][284]LogMaterial: Display: Missing cached shader map for material M_DropShadow_Mat, compiling. 
[2019.02.14-03.03.42:071][284]LogMaterial: Display: Missing cached shader map for material M_DropShadow_Mat, compiling. 
[2019.02.14-03.03.42:134][284]LogMaterial: Display: Missing cached shader map for material FDebugViewModeMaterialProxy M_DropShadow_Mat, compiling. 
[2019.02.14-03.03.45:890][284]LogShaderCompilers: Display: Shaders left to compile 87
[2019.02.14-03.03.45:890][284]LogShaderCompilers: Display: Shaders left to compile 86
[2019.02.14-03.03.45:890][284]LogShaderCompilers: Display: Shaders left to compile 85
[2019.02.14-03.03.45:890][284]LogShaderCompilers: Display: Shaders left to compile 84
[2019.02.14-03.03.45:890][284]LogShaderCompilers: Display: Shaders left to compile 83
[2019.02.14-03.03.45:890][284]LogShaderCompilers: Display: Shaders left to compile 82
[2019.02.14-03.03.45:890][284]LogShaderCompilers: Display: Shaders left to compile 81
[2019.02.14-03.03.45:890][284]LogShaderCompilers: Display: Shaders left to compile 80
[2019.02.14-03.03.45:890][284]LogShaderCompilers: Display: Shaders left to compile 79
[2019.02.14-03.03.45:890][284]LogShaderCompilers: Display: Shaders left to compile 78
[2019.02.14-03.03.45:890][284]LogShaderCompilers: Display: Shaders left to compile 77
[2019.02.14-03.03.45:890][284]LogShaderCompilers: Display: Shaders left to compile 76
[2019.02.14-03.03.45:890][284]LogShaderCompilers: Display: Shaders left to compile 75
[2019.02.14-03.03.45:890][284]LogShaderCompilers: Display: Shaders left to compile 74
[2019.02.14-03.03.45:890][284]LogShaderCompilers: Display: Shaders left to compile 73
[2019.02.14-03.03.45:890][284]LogShaderCompilers: Display: Shaders left to compile 72
[2019.02.14-03.03.45:890][284]LogShaderCompilers: Display: Shaders left to compile 71
[2019.02.14-03.03.45:890][284]LogShaderCompilers: Display: Shaders left to compile 70
[2019.02.14-03.03.45:890][284]LogShaderCompilers: Display: Shaders left to compile 69
[2019.02.14-03.03.45:890][284]LogShaderCompilers: Display: Shaders left to compile 68
[2019.02.14-03.03.45:890][284]LogShaderCompilers: Display: Shaders left to compile 67
[2019.02.14-03.03.45:890][284]LogShaderCompilers: Display: Shaders left to compile 66
[2019.02.14-03.03.45:890][284]LogShaderCompilers: Display: Shaders left to compile 65
[2019.02.14-03.03.45:890][284]LogShaderCompilers: Display: Shaders left to compile 64
[2019.02.14-03.03.45:890][284]LogShaderCompilers: Display: Shaders left to compile 63
[2019.02.14-03.03.45:890][284]LogShaderCompilers: Display: Shaders left to compile 62
[2019.02.14-03.03.45:890][284]LogShaderCompilers: Display: Shaders left to compile 61
[2019.02.14-03.03.45:890][284]LogShaderCompilers: Display: Shaders left to compile 60
[2019.02.14-03.03.45:890][284]LogShaderCompilers: Display: Shaders left to compile 59
[2019.02.14-03.03.45:890][284]LogShaderCompilers: Display: Shaders left to compile 58
[2019.02.14-03.03.45:890][284]LogShaderCompilers: Display: Shaders left to compile 57
[2019.02.14-03.03.45:890][284]LogShaderCompilers: Display: Shaders left to compile 56
[2019.02.14-03.03.45:890][284]LogShaderCompilers: Display: Shaders left to compile 55
[2019.02.14-03.03.45:890][284]LogShaderCompilers: Display: Shaders left to compile 54
[2019.02.14-03.03.45:890][284]LogShaderCompilers: Display: Shaders left to compile 53
[2019.02.14-03.03.45:890][284]LogShaderCompilers: Display: Shaders left to compile 52
[2019.02.14-03.03.45:890][284]LogShaderCompilers: Display: Shaders left to compile 51
[2019.02.14-03.03.45:890][284]LogShaderCompilers: Display: Shaders left to compile 50
[2019.02.14-03.03.45:890][284]LogShaderCompilers: Display: Shaders left to compile 49
[2019.02.14-03.03.45:890][284]LogShaderCompilers: Display: Shaders left to compile 48
[2019.02.14-03.03.45:890][284]LogShaderCompilers: Display: Shaders left to compile 47
[2019.02.14-03.03.45:890][284]LogShaderCompilers: Display: Shaders left to compile 46
[2019.02.14-03.03.45:890][284]LogShaderCompilers: Display: Shaders left to compile 45
[2019.02.14-03.03.45:890][284]LogShaderCompilers: Display: Shaders left to compile 35
[2019.02.14-03.03.45:892][284]TextureStreamingBuild: Display: Compiling optional shaders took 3.768 seconds.
[2019.02.14-03.03.45:916][284]LogShaderCompilers: Display: Shaders left to compile 25
[2019.02.14-03.03.46:013][288]LogShaderCompilers: Display: Shaders left to compile 15
[2019.02.14-03.03.46:551][321]LogSlate: Window 'M_DropShadow_Mat*' being destroyed
[2019.02.14-03.03.46:554][321]LogSlate: Window 'M_DropShadow_Mat*' being destroyed
[2019.02.14-03.03.47:701][432]LogShaderCompilers: Display: Shaders left to compile 5
[2019.02.14-03.03.53:991][175]Cmd: TRANSACTION UNDO
[2019.02.14-03.03.53:991][175]LogEditorTransaction: Undo Edit Two Sided
[2019.02.14-03.03.53:994][175]LogMaterial: Display: Missing cached shader map for material M_DropShadow_Mat, compiling. 
[2019.02.14-03.03.54:016][175]LogShaderCompilers: Display: Shaders left to compile 42
[2019.02.14-03.03.54:016][175]LogShaderCompilers: Display: Shaders left to compile 41
[2019.02.14-03.03.54:016][175]LogShaderCompilers: Display: Shaders left to compile 40
[2019.02.14-03.03.54:016][175]LogShaderCompilers: Display: Shaders left to compile 39
[2019.02.14-03.03.54:154][189]LogShaderCompilers: Display: Shaders left to compile 38
[2019.02.14-03.03.54:171][191]LogShaderCompilers: Display: Shaders left to compile 37
[2019.02.14-03.03.54:188][193]LogShaderCompilers: Display: Shaders left to compile 36
[2019.02.14-03.03.54:188][193]LogShaderCompilers: Display: Shaders left to compile 35
[2019.02.14-03.03.54:268][200]LogShaderCompilers: Display: Shaders left to compile 34
[2019.02.14-03.03.54:316][205]LogShaderCompilers: Display: Shaders left to compile 33
[2019.02.14-03.03.54:532][226]LogShaderCompilers: Display: Shaders left to compile 32
[2019.02.14-03.03.54:567][230]LogShaderCompilers: Display: Shaders left to compile 31
[2019.02.14-03.03.54:574][231]LogShaderCompilers: Display: Shaders left to compile 30
[2019.02.14-03.03.54:859][264]LogShaderCompilers: Display: Shaders left to compile 29
[2019.02.14-03.03.54:876][266]LogShaderCompilers: Display: Shaders left to compile 28
[2019.02.14-03.03.54:933][273]LogShaderCompilers: Display: Shaders left to compile 27
[2019.02.14-03.03.55:121][295]LogShaderCompilers: Display: Shaders left to compile 26
[2019.02.14-03.03.55:180][302]LogShaderCompilers: Display: Shaders left to compile 25
[2019.02.14-03.03.55:231][308]LogShaderCompilers: Display: Shaders left to compile 24
[2019.02.14-03.03.55:284][314]LogShaderCompilers: Display: Shaders left to compile 23
[2019.02.14-03.03.55:432][331]LogShaderCompilers: Display: Shaders left to compile 22
[2019.02.14-03.03.55:559][345]LogShaderCompilers: Display: Shaders left to compile 21
[2019.02.14-03.03.55:638][354]LogShaderCompilers: Display: Shaders left to compile 20
[2019.02.14-03.03.55:719][363]LogShaderCompilers: Display: Shaders left to compile 19
[2019.02.14-03.03.55:823][375]LogShaderCompilers: Display: Shaders left to compile 18
[2019.02.14-03.03.55:975][392]LogShaderCompilers: Display: Shaders left to compile 17
[2019.02.14-03.03.56:026][398]LogShaderCompilers: Display: Shaders left to compile 16
[2019.02.14-03.03.56:086][405]LogShaderCompilers: Display: Shaders left to compile 15
[2019.02.14-03.03.56:244][422]LogShaderCompilers: Display: Shaders left to compile 14
[2019.02.14-03.03.56:330][432]LogShaderCompilers: Display: Shaders left to compile 13
[2019.02.14-03.03.56:418][442]LogShaderCompilers: Display: Shaders left to compile 12
[2019.02.14-03.03.56:435][444]LogShaderCompilers: Display: Shaders left to compile 11
[2019.02.14-03.03.56:583][461]LogShaderCompilers: Display: Shaders left to compile 10
[2019.02.14-03.03.56:813][486]LogShaderCompilers: Display: Shaders left to compile 9
[2019.02.14-03.03.56:847][490]LogShaderCompilers: Display: Shaders left to compile 8
[2019.02.14-03.03.56:864][492]LogShaderCompilers: Display: Shaders left to compile 7
[2019.02.14-03.03.57:064][515]LogShaderCompilers: Display: Shaders left to compile 6
[2019.02.14-03.03.57:170][527]LogShaderCompilers: Display: Shaders left to compile 5
[2019.02.14-03.03.57:231][534]LogShaderCompilers: Display: Shaders left to compile 4
[2019.02.14-03.03.57:284][540]LogShaderCompilers: Display: Shaders left to compile 3
[2019.02.14-03.03.57:441][557]LogShaderCompilers: Display: Shaders left to compile 2
[2019.02.14-03.03.57:590][574]LogShaderCompilers: Display: Shaders left to compile 1
[2019.02.14-03.04.11:523][957]LogSlate: FSceneViewport::OnFocusLost() reason 0
[2019.02.14-03.05.12:088][ 33]LogEditorViewport: Clicking on Actor (LMB): StaticMeshActor (Wall_Corner_Column_2)
[2019.02.14-03.05.14:038][254]LogEditorViewport: Clicking on Actor (LMB): StaticMeshActor (SM_Guest_desk)
[2019.02.14-03.05.14:284][279]Cmd: CAMERA ALIGN ACTIVEVIEWPORTONLY
[2019.02.14-03.07.54:955][119]LogSlate: FSceneViewport::OnFocusLost() reason 2
[2019.02.14-03.10.27:058][841]LogSavePackage: Moving 'E:/Senior 2nd QTR/ITGM 425/SourceTree/Greybox_tutorial/Saved/BeautifulCorner_Auto1500A09AD46C08DCCAE6B83A4C6790FAD.tmp' to 'E:/Senior 2nd QTR/ITGM 425/SourceTree/Greybox_tutorial/Saved/Autosaves/Game/BeautifulCorner_Auto1.umap'
[2019.02.14-03.10.27:066][841]LogFileHelpers: Editor autosave (incl. sublevels) for '/Game/BeautifulCorner' took 0.842
[2019.02.14-03.10.27:066][841]LogFileHelpers: Editor autosave (incl. sublevels) for all levels took 0.842
[2019.02.14-03.10.27:067][841]OBJ SavePackage: Generating thumbnails for [1] asset(s) in package [/Game/Materials/Textures/TextureMaps/Outdoor/Bush_0] ([1] browsable assets)...
[2019.02.14-03.10.27:074][841]OBJ SavePackage:     Rendered thumbnail for [Texture2D /Game/Materials/Textures/TextureMaps/Outdoor/Bush_0.Bush_0]
[2019.02.14-03.10.27:074][841]OBJ SavePackage: Finished generating thumbnails for package [/Game/Materials/Textures/TextureMaps/Outdoor/Bush_0]
[2019.02.14-03.10.27:105][841]LogSavePackage: Moving 'E:/Senior 2nd QTR/ITGM 425/SourceTree/Greybox_tutorial/Saved/Bush_0_Auto1CAE15C374F1681EDE501A3A256D451F0.tmp' to 'E:/Senior 2nd QTR/ITGM 425/SourceTree/Greybox_tutorial/Saved/Autosaves/Game/Materials/Textures/TextureMaps/Outdoor/Bush_0_Auto1.uasset'
[2019.02.14-03.10.27:106][841]OBJ SavePackage: Generating thumbnails for [1] asset(s) in package [/Game/Materials/Textures/M_DropShadow_Mat] ([1] browsable assets)...
[2019.02.14-03.10.27:123][841]OBJ SavePackage:     Rendered thumbnail for [Material /Game/Materials/Textures/M_DropShadow_Mat.M_DropShadow_Mat]
[2019.02.14-03.10.27:123][841]OBJ SavePackage: Finished generating thumbnails for package [/Game/Materials/Textures/M_DropShadow_Mat]
[2019.02.14-03.10.27:151][841]LogSavePackage: Moving 'E:/Senior 2nd QTR/ITGM 425/SourceTree/Greybox_tutorial/Saved/M_DropShadow_Mat_Auto1731E13E74D3E4FC925D02085FA757865.tmp' to 'E:/Senior 2nd QTR/ITGM 425/SourceTree/Greybox_tutorial/Saved/Autosaves/Game/Materials/Textures/M_DropShadow_Mat_Auto1.uasset'
[2019.02.14-03.10.27:152][841]OBJ SavePackage: Generating thumbnails for [1] asset(s) in package [/Game/Materials/Textures/TextureMaps/Floor/Grass] ([1] browsable assets)...
[2019.02.14-03.10.27:159][841]OBJ SavePackage:     Rendered thumbnail for [Texture2D /Game/Materials/Textures/TextureMaps/Floor/Grass.Grass]
[2019.02.14-03.10.27:159][841]OBJ SavePackage: Finished generating thumbnails for package [/Game/Materials/Textures/TextureMaps/Floor/Grass]
[2019.02.14-03.10.27:196][841]LogSavePackage: Moving 'E:/Senior 2nd QTR/ITGM 425/SourceTree/Greybox_tutorial/Saved/Grass_Auto1C99B18D64AE9F88498DE77B920B1B8A0.tmp' to 'E:/Senior 2nd QTR/ITGM 425/SourceTree/Greybox_tutorial/Saved/Autosaves/Game/Materials/Textures/TextureMaps/Floor/Grass_Auto1.uasset'
[2019.02.14-03.10.27:197][841]LogFileHelpers: Auto-saving content packages took 0.131
[2019.02.14-03.24.09:852][965]LogEditorViewport: Clicking on Actor (LMB): StaticMeshActor (SM_Guest_Bookshelf)
[2019.02.14-03.24.10:762][ 70]LogSlate: FSceneViewport::OnFocusLost() reason 0
[2019.02.14-03.24.15:689][649]LogEditorFactories: Performing atomic reimport of [E:/Senior 2nd QTR/ITGM 425/Models/Exported/environment/M_Bookshelf.png]
[2019.02.14-03.24.15:689][649]LogFactory: FactoryCreateFile: Texture2D with ReimportTextureFactory (0 0 E:/Senior 2nd QTR/ITGM 425/Models/Exported/environment/M_Bookshelf.png)
[2019.02.14-03.24.15:698][649]LogTexture: Display: Building textures: M_Bookshelf (AutoDXT, 512X512)
[2019.02.14-03.24.15:742][649]LogEditorFactories: -- imported successfully
[2019.02.14-03.24.31:943][581]LogEditorViewport: Clicking on Actor (LMB): StaticMeshActor (Fence_Outdoor11)
[2019.02.14-03.24.34:665][901]Cmd: TRANSACTION UNDO
[2019.02.14-03.24.34:665][901]LogEditorTransaction: Undo Move Actors
[2019.02.14-03.24.41:307][693]LogSlate: FSceneViewport::OnFocusLost() reason 0
[2019.02.14-03.24.44:471][ 71]Cmd: TRANSACTION UNDO
[2019.02.14-03.24.44:471][ 71]LogEditorTransaction: Undo Move Actors
[2019.02.14-03.24.45:962][248]LogEditorViewport: Clicking on Actor (LMB): StaticMeshActor (Fence_Outdoor10)
[2019.02.14-03.25.04:365][442]LogSlate: FSceneViewport::OnFocusLost() reason 0
[2019.02.14-03.25.04:479][454]Cmd: OBJ SAVEPACKAGE PACKAGE="/Game/BeautifulCorner" FILE="E:/Senior 2nd QTR/ITGM 425/SourceTree/Greybox_tutorial/Content/BeautifulCorner.umap" SILENT=true AUTOSAVING=false KEEPDIRTY=false
[2019.02.14-03.25.05:214][454]LogSavePackage: Moving 'E:/Senior 2nd QTR/ITGM 425/SourceTree/Greybox_tutorial/Saved/BeautifulCorner6CF2667343E2CE53DDF64CB7680BFB10.tmp' to 'E:/Senior 2nd QTR/ITGM 425/SourceTree/Greybox_tutorial/Content/BeautifulCorner.umap'
[2019.02.14-03.25.05:272][454]Cmd: OBJ SAVEPACKAGE PACKAGE="/Game/BeautifulCorner_BuiltData" FILE="E:/Senior 2nd QTR/ITGM 425/SourceTree/Greybox_tutorial/Content/BeautifulCorner_BuiltData.uasset" SILENT=true
[2019.02.14-03.25.05:816][454]LogSavePackage: Moving 'E:/Senior 2nd QTR/ITGM 425/SourceTree/Greybox_tutorial/Saved/BeautifulCorner_BuiltData61D0C1BC4F85CEAD3A11ADBB5D1519CF.tmp' to 'E:/Senior 2nd QTR/ITGM 425/SourceTree/Greybox_tutorial/Content/BeautifulCorner_BuiltData.uasset'
[2019.02.14-03.25.31:748][733]LogSlate: FSceneViewport::OnFocusLost() reason 2
[2019.02.14-03.25.31:751][733]Cmd: OBJ SAVEPACKAGE PACKAGE="/Game/BeautifulCorner" FILE="E:/Senior 2nd QTR/ITGM 425/SourceTree/Greybox_tutorial/Content/BeautifulCorner.umap" SILENT=true AUTOSAVING=false KEEPDIRTY=false
[2019.02.14-03.25.32:473][733]LogSavePackage: Moving 'E:/Senior 2nd QTR/ITGM 425/SourceTree/Greybox_tutorial/Saved/BeautifulCorner86354B7147D66B2FD5D14C8E22116954.tmp' to 'E:/Senior 2nd QTR/ITGM 425/SourceTree/Greybox_tutorial/Content/BeautifulCorner.umap'
[2019.02.14-03.25.32:532][733]Cmd: OBJ SAVEPACKAGE PACKAGE="/Game/BeautifulCorner_BuiltData" FILE="E:/Senior 2nd QTR/ITGM 425/SourceTree/Greybox_tutorial/Content/BeautifulCorner_BuiltData.uasset" SILENT=true
[2019.02.14-03.25.32:922][733]LogSavePackage: Moving 'E:/Senior 2nd QTR/ITGM 425/SourceTree/Greybox_tutorial/Saved/BeautifulCorner_BuiltData3D6BE79A47A31BAF6D946988EE7B9789.tmp' to 'E:/Senior 2nd QTR/ITGM 425/SourceTree/Greybox_tutorial/Content/BeautifulCorner_BuiltData.uasset'
